Build started 08/04/2015 11:58:30.
     1>Project "C:\Users\Lucas\Desktop\jogos - game ai by example\Raven_Game\Buckland_Chapter7 to 10_Raven\Raven.vcxproj" on node 2 (build target(s)).
     1>InitializeBuildStatus:
         Creating ".\Debug\Raven.unsuccessfulbuild" because "AlwaysCreate" was specified.
       ClCompile:
         All outputs are up-to-date.
       ResourceCompile:
         All outputs are up-to-date.
       ManifestResourceCompile:
         All outputs are up-to-date.
       Link:
         All outputs are up-to-date.
       Manifest:
         All outputs are up-to-date.
       BscMake:
         All outputs are up-to-date.
       FinalizeBuildStatus:
         Deleting file ".\Debug\Raven.unsuccessfulbuild".
         Touching ".\Debug\Raven.lastbuildstate".
     1>Done Building Project "C:\Users\Lucas\Desktop\jogos - game ai by example\Raven_Game\Buckland_Chapter7 to 10_Raven\Raven.vcxproj" (build target(s)).

Build succeeded.

Time Elapsed 00:00:00.29
