.\Debug\Raven.bsc
.\Debug\Raven.ilk
.\Debug\Raven.pdb
C:\USERS\LUCAS\DESKTOP\JOGOS - GAME AI BY EXAMPLE\BLUCKLAND_SOURCECODE - NEW VERSION\VS2010\BUCKLAND_CHAPTER7 TO 10_RAVEN\DEBUG\ATTACKTARGETGOAL_EVALUATOR.ASM
C:\USERS\LUCAS\DESKTOP\JOGOS - GAME AI BY EXAMPLE\BLUCKLAND_SOURCECODE - NEW VERSION\VS2010\BUCKLAND_CHAPTER7 TO 10_RAVEN\DEBUG\ATTACKTARGETGOAL_EVALUATOR.OBJ
C:\USERS\LUCAS\DESKTOP\JOGOS - GAME AI BY EXAMPLE\BLUCKLAND_SOURCECODE - NEW VERSION\VS2010\BUCKLAND_CHAPTER7 TO 10_RAVEN\DEBUG\ATTACKTARGETGOAL_EVALUATOR.SBR
C:\USERS\LUCAS\DESKTOP\JOGOS - GAME AI BY EXAMPLE\BLUCKLAND_SOURCECODE - NEW VERSION\VS2010\BUCKLAND_CHAPTER7 TO 10_RAVEN\DEBUG\BASEGAMEENTITY.ASM
C:\USERS\LUCAS\DESKTOP\JOGOS - GAME AI BY EXAMPLE\BLUCKLAND_SOURCECODE - NEW VERSION\VS2010\BUCKLAND_CHAPTER7 TO 10_RAVEN\DEBUG\BASEGAMEENTITY.OBJ
C:\USERS\LUCAS\DESKTOP\JOGOS - GAME AI BY EXAMPLE\BLUCKLAND_SOURCECODE - NEW VERSION\VS2010\BUCKLAND_CHAPTER7 TO 10_RAVEN\DEBUG\BASEGAMEENTITY.SBR
C:\USERS\LUCAS\DESKTOP\JOGOS - GAME AI BY EXAMPLE\BLUCKLAND_SOURCECODE - NEW VERSION\VS2010\BUCKLAND_CHAPTER7 TO 10_RAVEN\DEBUG\CGDI.ASM
C:\USERS\LUCAS\DESKTOP\JOGOS - GAME AI BY EXAMPLE\BLUCKLAND_SOURCECODE - NEW VERSION\VS2010\BUCKLAND_CHAPTER7 TO 10_RAVEN\DEBUG\CGDI.OBJ
C:\USERS\LUCAS\DESKTOP\JOGOS - GAME AI BY EXAMPLE\BLUCKLAND_SOURCECODE - NEW VERSION\VS2010\BUCKLAND_CHAPTER7 TO 10_RAVEN\DEBUG\CGDI.SBR
C:\USERS\LUCAS\DESKTOP\JOGOS - GAME AI BY EXAMPLE\BLUCKLAND_SOURCECODE - NEW VERSION\VS2010\BUCKLAND_CHAPTER7 TO 10_RAVEN\DEBUG\CRUDETIMER.ASM
C:\USERS\LUCAS\DESKTOP\JOGOS - GAME AI BY EXAMPLE\BLUCKLAND_SOURCECODE - NEW VERSION\VS2010\BUCKLAND_CHAPTER7 TO 10_RAVEN\DEBUG\CRUDETIMER.OBJ
C:\USERS\LUCAS\DESKTOP\JOGOS - GAME AI BY EXAMPLE\BLUCKLAND_SOURCECODE - NEW VERSION\VS2010\BUCKLAND_CHAPTER7 TO 10_RAVEN\DEBUG\CRUDETIMER.SBR
C:\USERS\LUCAS\DESKTOP\JOGOS - GAME AI BY EXAMPLE\BLUCKLAND_SOURCECODE - NEW VERSION\VS2010\BUCKLAND_CHAPTER7 TO 10_RAVEN\DEBUG\DEBUGCONSOLE.ASM
C:\USERS\LUCAS\DESKTOP\JOGOS - GAME AI BY EXAMPLE\BLUCKLAND_SOURCECODE - NEW VERSION\VS2010\BUCKLAND_CHAPTER7 TO 10_RAVEN\DEBUG\DEBUGCONSOLE.OBJ
C:\USERS\LUCAS\DESKTOP\JOGOS - GAME AI BY EXAMPLE\BLUCKLAND_SOURCECODE - NEW VERSION\VS2010\BUCKLAND_CHAPTER7 TO 10_RAVEN\DEBUG\DEBUGCONSOLE.SBR
C:\USERS\LUCAS\DESKTOP\JOGOS - GAME AI BY EXAMPLE\BLUCKLAND_SOURCECODE - NEW VERSION\VS2010\BUCKLAND_CHAPTER7 TO 10_RAVEN\DEBUG\ENTITYMANAGER.ASM
C:\USERS\LUCAS\DESKTOP\JOGOS - GAME AI BY EXAMPLE\BLUCKLAND_SOURCECODE - NEW VERSION\VS2010\BUCKLAND_CHAPTER7 TO 10_RAVEN\DEBUG\ENTITYMANAGER.OBJ
C:\USERS\LUCAS\DESKTOP\JOGOS - GAME AI BY EXAMPLE\BLUCKLAND_SOURCECODE - NEW VERSION\VS2010\BUCKLAND_CHAPTER7 TO 10_RAVEN\DEBUG\ENTITYMANAGER.SBR
C:\USERS\LUCAS\DESKTOP\JOGOS - GAME AI BY EXAMPLE\BLUCKLAND_SOURCECODE - NEW VERSION\VS2010\BUCKLAND_CHAPTER7 TO 10_RAVEN\DEBUG\EXPLOREGOAL_EVALUATOR.ASM
C:\USERS\LUCAS\DESKTOP\JOGOS - GAME AI BY EXAMPLE\BLUCKLAND_SOURCECODE - NEW VERSION\VS2010\BUCKLAND_CHAPTER7 TO 10_RAVEN\DEBUG\EXPLOREGOAL_EVALUATOR.OBJ
C:\USERS\LUCAS\DESKTOP\JOGOS - GAME AI BY EXAMPLE\BLUCKLAND_SOURCECODE - NEW VERSION\VS2010\BUCKLAND_CHAPTER7 TO 10_RAVEN\DEBUG\EXPLOREGOAL_EVALUATOR.SBR
C:\USERS\LUCAS\DESKTOP\JOGOS - GAME AI BY EXAMPLE\BLUCKLAND_SOURCECODE - NEW VERSION\VS2010\BUCKLAND_CHAPTER7 TO 10_RAVEN\DEBUG\FRAMECOUNTER.ASM
C:\USERS\LUCAS\DESKTOP\JOGOS - GAME AI BY EXAMPLE\BLUCKLAND_SOURCECODE - NEW VERSION\VS2010\BUCKLAND_CHAPTER7 TO 10_RAVEN\DEBUG\FRAMECOUNTER.OBJ
C:\USERS\LUCAS\DESKTOP\JOGOS - GAME AI BY EXAMPLE\BLUCKLAND_SOURCECODE - NEW VERSION\VS2010\BUCKLAND_CHAPTER7 TO 10_RAVEN\DEBUG\FRAMECOUNTER.SBR
C:\USERS\LUCAS\DESKTOP\JOGOS - GAME AI BY EXAMPLE\BLUCKLAND_SOURCECODE - NEW VERSION\VS2010\BUCKLAND_CHAPTER7 TO 10_RAVEN\DEBUG\FUZZYMODULE.ASM
C:\USERS\LUCAS\DESKTOP\JOGOS - GAME AI BY EXAMPLE\BLUCKLAND_SOURCECODE - NEW VERSION\VS2010\BUCKLAND_CHAPTER7 TO 10_RAVEN\DEBUG\FUZZYMODULE.OBJ
C:\USERS\LUCAS\DESKTOP\JOGOS - GAME AI BY EXAMPLE\BLUCKLAND_SOURCECODE - NEW VERSION\VS2010\BUCKLAND_CHAPTER7 TO 10_RAVEN\DEBUG\FUZZYMODULE.SBR
C:\USERS\LUCAS\DESKTOP\JOGOS - GAME AI BY EXAMPLE\BLUCKLAND_SOURCECODE - NEW VERSION\VS2010\BUCKLAND_CHAPTER7 TO 10_RAVEN\DEBUG\FUZZYOPERATORS.ASM
C:\USERS\LUCAS\DESKTOP\JOGOS - GAME AI BY EXAMPLE\BLUCKLAND_SOURCECODE - NEW VERSION\VS2010\BUCKLAND_CHAPTER7 TO 10_RAVEN\DEBUG\FUZZYOPERATORS.OBJ
C:\USERS\LUCAS\DESKTOP\JOGOS - GAME AI BY EXAMPLE\BLUCKLAND_SOURCECODE - NEW VERSION\VS2010\BUCKLAND_CHAPTER7 TO 10_RAVEN\DEBUG\FUZZYOPERATORS.SBR
C:\USERS\LUCAS\DESKTOP\JOGOS - GAME AI BY EXAMPLE\BLUCKLAND_SOURCECODE - NEW VERSION\VS2010\BUCKLAND_CHAPTER7 TO 10_RAVEN\DEBUG\FUZZYSET_LEFTSHOULDER.ASM
C:\USERS\LUCAS\DESKTOP\JOGOS - GAME AI BY EXAMPLE\BLUCKLAND_SOURCECODE - NEW VERSION\VS2010\BUCKLAND_CHAPTER7 TO 10_RAVEN\DEBUG\FUZZYSET_LEFTSHOULDER.OBJ
C:\USERS\LUCAS\DESKTOP\JOGOS - GAME AI BY EXAMPLE\BLUCKLAND_SOURCECODE - NEW VERSION\VS2010\BUCKLAND_CHAPTER7 TO 10_RAVEN\DEBUG\FUZZYSET_LEFTSHOULDER.SBR
C:\USERS\LUCAS\DESKTOP\JOGOS - GAME AI BY EXAMPLE\BLUCKLAND_SOURCECODE - NEW VERSION\VS2010\BUCKLAND_CHAPTER7 TO 10_RAVEN\DEBUG\FUZZYSET_RIGHTSHOULDER.ASM
C:\USERS\LUCAS\DESKTOP\JOGOS - GAME AI BY EXAMPLE\BLUCKLAND_SOURCECODE - NEW VERSION\VS2010\BUCKLAND_CHAPTER7 TO 10_RAVEN\DEBUG\FUZZYSET_RIGHTSHOULDER.OBJ
C:\USERS\LUCAS\DESKTOP\JOGOS - GAME AI BY EXAMPLE\BLUCKLAND_SOURCECODE - NEW VERSION\VS2010\BUCKLAND_CHAPTER7 TO 10_RAVEN\DEBUG\FUZZYSET_RIGHTSHOULDER.SBR
C:\USERS\LUCAS\DESKTOP\JOGOS - GAME AI BY EXAMPLE\BLUCKLAND_SOURCECODE - NEW VERSION\VS2010\BUCKLAND_CHAPTER7 TO 10_RAVEN\DEBUG\FUZZYSET_SINGLETON.ASM
C:\USERS\LUCAS\DESKTOP\JOGOS - GAME AI BY EXAMPLE\BLUCKLAND_SOURCECODE - NEW VERSION\VS2010\BUCKLAND_CHAPTER7 TO 10_RAVEN\DEBUG\FUZZYSET_SINGLETON.OBJ
C:\USERS\LUCAS\DESKTOP\JOGOS - GAME AI BY EXAMPLE\BLUCKLAND_SOURCECODE - NEW VERSION\VS2010\BUCKLAND_CHAPTER7 TO 10_RAVEN\DEBUG\FUZZYSET_SINGLETON.SBR
C:\USERS\LUCAS\DESKTOP\JOGOS - GAME AI BY EXAMPLE\BLUCKLAND_SOURCECODE - NEW VERSION\VS2010\BUCKLAND_CHAPTER7 TO 10_RAVEN\DEBUG\FUZZYSET_TRIANGLE.ASM
C:\USERS\LUCAS\DESKTOP\JOGOS - GAME AI BY EXAMPLE\BLUCKLAND_SOURCECODE - NEW VERSION\VS2010\BUCKLAND_CHAPTER7 TO 10_RAVEN\DEBUG\FUZZYSET_TRIANGLE.OBJ
C:\USERS\LUCAS\DESKTOP\JOGOS - GAME AI BY EXAMPLE\BLUCKLAND_SOURCECODE - NEW VERSION\VS2010\BUCKLAND_CHAPTER7 TO 10_RAVEN\DEBUG\FUZZYSET_TRIANGLE.SBR
C:\USERS\LUCAS\DESKTOP\JOGOS - GAME AI BY EXAMPLE\BLUCKLAND_SOURCECODE - NEW VERSION\VS2010\BUCKLAND_CHAPTER7 TO 10_RAVEN\DEBUG\FUZZYVARIABLE.ASM
C:\USERS\LUCAS\DESKTOP\JOGOS - GAME AI BY EXAMPLE\BLUCKLAND_SOURCECODE - NEW VERSION\VS2010\BUCKLAND_CHAPTER7 TO 10_RAVEN\DEBUG\FUZZYVARIABLE.OBJ
C:\USERS\LUCAS\DESKTOP\JOGOS - GAME AI BY EXAMPLE\BLUCKLAND_SOURCECODE - NEW VERSION\VS2010\BUCKLAND_CHAPTER7 TO 10_RAVEN\DEBUG\FUZZYVARIABLE.SBR
C:\USERS\LUCAS\DESKTOP\JOGOS - GAME AI BY EXAMPLE\BLUCKLAND_SOURCECODE - NEW VERSION\VS2010\BUCKLAND_CHAPTER7 TO 10_RAVEN\DEBUG\GETHEALTHGOAL_EVALUATOR.ASM
C:\USERS\LUCAS\DESKTOP\JOGOS - GAME AI BY EXAMPLE\BLUCKLAND_SOURCECODE - NEW VERSION\VS2010\BUCKLAND_CHAPTER7 TO 10_RAVEN\DEBUG\GETHEALTHGOAL_EVALUATOR.OBJ
C:\USERS\LUCAS\DESKTOP\JOGOS - GAME AI BY EXAMPLE\BLUCKLAND_SOURCECODE - NEW VERSION\VS2010\BUCKLAND_CHAPTER7 TO 10_RAVEN\DEBUG\GETHEALTHGOAL_EVALUATOR.SBR
C:\USERS\LUCAS\DESKTOP\JOGOS - GAME AI BY EXAMPLE\BLUCKLAND_SOURCECODE - NEW VERSION\VS2010\BUCKLAND_CHAPTER7 TO 10_RAVEN\DEBUG\GETWEAPONGOAL_EVALUATOR.ASM
C:\USERS\LUCAS\DESKTOP\JOGOS - GAME AI BY EXAMPLE\BLUCKLAND_SOURCECODE - NEW VERSION\VS2010\BUCKLAND_CHAPTER7 TO 10_RAVEN\DEBUG\GETWEAPONGOAL_EVALUATOR.OBJ
C:\USERS\LUCAS\DESKTOP\JOGOS - GAME AI BY EXAMPLE\BLUCKLAND_SOURCECODE - NEW VERSION\VS2010\BUCKLAND_CHAPTER7 TO 10_RAVEN\DEBUG\GETWEAPONGOAL_EVALUATOR.SBR
C:\USERS\LUCAS\DESKTOP\JOGOS - GAME AI BY EXAMPLE\BLUCKLAND_SOURCECODE - NEW VERSION\VS2010\BUCKLAND_CHAPTER7 TO 10_RAVEN\DEBUG\GOAL_ADJUSTRANGE.ASM
C:\USERS\LUCAS\DESKTOP\JOGOS - GAME AI BY EXAMPLE\BLUCKLAND_SOURCECODE - NEW VERSION\VS2010\BUCKLAND_CHAPTER7 TO 10_RAVEN\DEBUG\GOAL_ADJUSTRANGE.OBJ
C:\USERS\LUCAS\DESKTOP\JOGOS - GAME AI BY EXAMPLE\BLUCKLAND_SOURCECODE - NEW VERSION\VS2010\BUCKLAND_CHAPTER7 TO 10_RAVEN\DEBUG\GOAL_ADJUSTRANGE.SBR
C:\USERS\LUCAS\DESKTOP\JOGOS - GAME AI BY EXAMPLE\BLUCKLAND_SOURCECODE - NEW VERSION\VS2010\BUCKLAND_CHAPTER7 TO 10_RAVEN\DEBUG\GOAL_ATTACKTARGET.ASM
C:\USERS\LUCAS\DESKTOP\JOGOS - GAME AI BY EXAMPLE\BLUCKLAND_SOURCECODE - NEW VERSION\VS2010\BUCKLAND_CHAPTER7 TO 10_RAVEN\DEBUG\GOAL_ATTACKTARGET.OBJ
C:\USERS\LUCAS\DESKTOP\JOGOS - GAME AI BY EXAMPLE\BLUCKLAND_SOURCECODE - NEW VERSION\VS2010\BUCKLAND_CHAPTER7 TO 10_RAVEN\DEBUG\GOAL_ATTACKTARGET.SBR
C:\USERS\LUCAS\DESKTOP\JOGOS - GAME AI BY EXAMPLE\BLUCKLAND_SOURCECODE - NEW VERSION\VS2010\BUCKLAND_CHAPTER7 TO 10_RAVEN\DEBUG\GOAL_DODGESIDETOSIDE.ASM
C:\USERS\LUCAS\DESKTOP\JOGOS - GAME AI BY EXAMPLE\BLUCKLAND_SOURCECODE - NEW VERSION\VS2010\BUCKLAND_CHAPTER7 TO 10_RAVEN\DEBUG\GOAL_DODGESIDETOSIDE.OBJ
C:\USERS\LUCAS\DESKTOP\JOGOS - GAME AI BY EXAMPLE\BLUCKLAND_SOURCECODE - NEW VERSION\VS2010\BUCKLAND_CHAPTER7 TO 10_RAVEN\DEBUG\GOAL_DODGESIDETOSIDE.SBR
C:\USERS\LUCAS\DESKTOP\JOGOS - GAME AI BY EXAMPLE\BLUCKLAND_SOURCECODE - NEW VERSION\VS2010\BUCKLAND_CHAPTER7 TO 10_RAVEN\DEBUG\GOAL_EXPLORE.ASM
C:\USERS\LUCAS\DESKTOP\JOGOS - GAME AI BY EXAMPLE\BLUCKLAND_SOURCECODE - NEW VERSION\VS2010\BUCKLAND_CHAPTER7 TO 10_RAVEN\DEBUG\GOAL_EXPLORE.OBJ
C:\USERS\LUCAS\DESKTOP\JOGOS - GAME AI BY EXAMPLE\BLUCKLAND_SOURCECODE - NEW VERSION\VS2010\BUCKLAND_CHAPTER7 TO 10_RAVEN\DEBUG\GOAL_EXPLORE.SBR
C:\USERS\LUCAS\DESKTOP\JOGOS - GAME AI BY EXAMPLE\BLUCKLAND_SOURCECODE - NEW VERSION\VS2010\BUCKLAND_CHAPTER7 TO 10_RAVEN\DEBUG\GOAL_FOLLOWPATH.ASM
C:\USERS\LUCAS\DESKTOP\JOGOS - GAME AI BY EXAMPLE\BLUCKLAND_SOURCECODE - NEW VERSION\VS2010\BUCKLAND_CHAPTER7 TO 10_RAVEN\DEBUG\GOAL_FOLLOWPATH.OBJ
C:\USERS\LUCAS\DESKTOP\JOGOS - GAME AI BY EXAMPLE\BLUCKLAND_SOURCECODE - NEW VERSION\VS2010\BUCKLAND_CHAPTER7 TO 10_RAVEN\DEBUG\GOAL_FOLLOWPATH.SBR
C:\USERS\LUCAS\DESKTOP\JOGOS - GAME AI BY EXAMPLE\BLUCKLAND_SOURCECODE - NEW VERSION\VS2010\BUCKLAND_CHAPTER7 TO 10_RAVEN\DEBUG\GOAL_GETITEM.ASM
C:\USERS\LUCAS\DESKTOP\JOGOS - GAME AI BY EXAMPLE\BLUCKLAND_SOURCECODE - NEW VERSION\VS2010\BUCKLAND_CHAPTER7 TO 10_RAVEN\DEBUG\GOAL_GETITEM.OBJ
C:\USERS\LUCAS\DESKTOP\JOGOS - GAME AI BY EXAMPLE\BLUCKLAND_SOURCECODE - NEW VERSION\VS2010\BUCKLAND_CHAPTER7 TO 10_RAVEN\DEBUG\GOAL_GETITEM.SBR
C:\USERS\LUCAS\DESKTOP\JOGOS - GAME AI BY EXAMPLE\BLUCKLAND_SOURCECODE - NEW VERSION\VS2010\BUCKLAND_CHAPTER7 TO 10_RAVEN\DEBUG\GOAL_HUNTTARGET.ASM
C:\USERS\LUCAS\DESKTOP\JOGOS - GAME AI BY EXAMPLE\BLUCKLAND_SOURCECODE - NEW VERSION\VS2010\BUCKLAND_CHAPTER7 TO 10_RAVEN\DEBUG\GOAL_HUNTTARGET.OBJ
C:\USERS\LUCAS\DESKTOP\JOGOS - GAME AI BY EXAMPLE\BLUCKLAND_SOURCECODE - NEW VERSION\VS2010\BUCKLAND_CHAPTER7 TO 10_RAVEN\DEBUG\GOAL_HUNTTARGET.SBR
C:\USERS\LUCAS\DESKTOP\JOGOS - GAME AI BY EXAMPLE\BLUCKLAND_SOURCECODE - NEW VERSION\VS2010\BUCKLAND_CHAPTER7 TO 10_RAVEN\DEBUG\GOAL_MOVETOPOSITION.ASM
C:\USERS\LUCAS\DESKTOP\JOGOS - GAME AI BY EXAMPLE\BLUCKLAND_SOURCECODE - NEW VERSION\VS2010\BUCKLAND_CHAPTER7 TO 10_RAVEN\DEBUG\GOAL_MOVETOPOSITION.OBJ
C:\USERS\LUCAS\DESKTOP\JOGOS - GAME AI BY EXAMPLE\BLUCKLAND_SOURCECODE - NEW VERSION\VS2010\BUCKLAND_CHAPTER7 TO 10_RAVEN\DEBUG\GOAL_MOVETOPOSITION.SBR
C:\USERS\LUCAS\DESKTOP\JOGOS - GAME AI BY EXAMPLE\BLUCKLAND_SOURCECODE - NEW VERSION\VS2010\BUCKLAND_CHAPTER7 TO 10_RAVEN\DEBUG\GOAL_NEGOTIATEDOOR.ASM
C:\USERS\LUCAS\DESKTOP\JOGOS - GAME AI BY EXAMPLE\BLUCKLAND_SOURCECODE - NEW VERSION\VS2010\BUCKLAND_CHAPTER7 TO 10_RAVEN\DEBUG\GOAL_NEGOTIATEDOOR.OBJ
C:\USERS\LUCAS\DESKTOP\JOGOS - GAME AI BY EXAMPLE\BLUCKLAND_SOURCECODE - NEW VERSION\VS2010\BUCKLAND_CHAPTER7 TO 10_RAVEN\DEBUG\GOAL_NEGOTIATEDOOR.SBR
C:\USERS\LUCAS\DESKTOP\JOGOS - GAME AI BY EXAMPLE\BLUCKLAND_SOURCECODE - NEW VERSION\VS2010\BUCKLAND_CHAPTER7 TO 10_RAVEN\DEBUG\GOAL_SAYPHRASE.ASM
C:\USERS\LUCAS\DESKTOP\JOGOS - GAME AI BY EXAMPLE\BLUCKLAND_SOURCECODE - NEW VERSION\VS2010\BUCKLAND_CHAPTER7 TO 10_RAVEN\DEBUG\GOAL_SAYPHRASE.OBJ
C:\USERS\LUCAS\DESKTOP\JOGOS - GAME AI BY EXAMPLE\BLUCKLAND_SOURCECODE - NEW VERSION\VS2010\BUCKLAND_CHAPTER7 TO 10_RAVEN\DEBUG\GOAL_SAYPHRASE.SBR
C:\USERS\LUCAS\DESKTOP\JOGOS - GAME AI BY EXAMPLE\BLUCKLAND_SOURCECODE - NEW VERSION\VS2010\BUCKLAND_CHAPTER7 TO 10_RAVEN\DEBUG\GOAL_SEEKTOPOSITION.ASM
C:\USERS\LUCAS\DESKTOP\JOGOS - GAME AI BY EXAMPLE\BLUCKLAND_SOURCECODE - NEW VERSION\VS2010\BUCKLAND_CHAPTER7 TO 10_RAVEN\DEBUG\GOAL_SEEKTOPOSITION.OBJ
C:\USERS\LUCAS\DESKTOP\JOGOS - GAME AI BY EXAMPLE\BLUCKLAND_SOURCECODE - NEW VERSION\VS2010\BUCKLAND_CHAPTER7 TO 10_RAVEN\DEBUG\GOAL_SEEKTOPOSITION.SBR
C:\USERS\LUCAS\DESKTOP\JOGOS - GAME AI BY EXAMPLE\BLUCKLAND_SOURCECODE - NEW VERSION\VS2010\BUCKLAND_CHAPTER7 TO 10_RAVEN\DEBUG\GOAL_THINK.ASM
C:\USERS\LUCAS\DESKTOP\JOGOS - GAME AI BY EXAMPLE\BLUCKLAND_SOURCECODE - NEW VERSION\VS2010\BUCKLAND_CHAPTER7 TO 10_RAVEN\DEBUG\GOAL_THINK.OBJ
C:\USERS\LUCAS\DESKTOP\JOGOS - GAME AI BY EXAMPLE\BLUCKLAND_SOURCECODE - NEW VERSION\VS2010\BUCKLAND_CHAPTER7 TO 10_RAVEN\DEBUG\GOAL_THINK.SBR
C:\USERS\LUCAS\DESKTOP\JOGOS - GAME AI BY EXAMPLE\BLUCKLAND_SOURCECODE - NEW VERSION\VS2010\BUCKLAND_CHAPTER7 TO 10_RAVEN\DEBUG\GOAL_THINK_PLUS.ASM
C:\USERS\LUCAS\DESKTOP\JOGOS - GAME AI BY EXAMPLE\BLUCKLAND_SOURCECODE - NEW VERSION\VS2010\BUCKLAND_CHAPTER7 TO 10_RAVEN\DEBUG\GOAL_THINK_PLUS.OBJ
C:\USERS\LUCAS\DESKTOP\JOGOS - GAME AI BY EXAMPLE\BLUCKLAND_SOURCECODE - NEW VERSION\VS2010\BUCKLAND_CHAPTER7 TO 10_RAVEN\DEBUG\GOAL_THINK_PLUS.SBR
C:\USERS\LUCAS\DESKTOP\JOGOS - GAME AI BY EXAMPLE\BLUCKLAND_SOURCECODE - NEW VERSION\VS2010\BUCKLAND_CHAPTER7 TO 10_RAVEN\DEBUG\GOAL_TRAVERSEEDGE.ASM
C:\USERS\LUCAS\DESKTOP\JOGOS - GAME AI BY EXAMPLE\BLUCKLAND_SOURCECODE - NEW VERSION\VS2010\BUCKLAND_CHAPTER7 TO 10_RAVEN\DEBUG\GOAL_TRAVERSEEDGE.OBJ
C:\USERS\LUCAS\DESKTOP\JOGOS - GAME AI BY EXAMPLE\BLUCKLAND_SOURCECODE - NEW VERSION\VS2010\BUCKLAND_CHAPTER7 TO 10_RAVEN\DEBUG\GOAL_TRAVERSEEDGE.SBR
C:\USERS\LUCAS\DESKTOP\JOGOS - GAME AI BY EXAMPLE\BLUCKLAND_SOURCECODE - NEW VERSION\VS2010\BUCKLAND_CHAPTER7 TO 10_RAVEN\DEBUG\GOAL_WANDER.ASM
C:\USERS\LUCAS\DESKTOP\JOGOS - GAME AI BY EXAMPLE\BLUCKLAND_SOURCECODE - NEW VERSION\VS2010\BUCKLAND_CHAPTER7 TO 10_RAVEN\DEBUG\GOAL_WANDER.OBJ
C:\USERS\LUCAS\DESKTOP\JOGOS - GAME AI BY EXAMPLE\BLUCKLAND_SOURCECODE - NEW VERSION\VS2010\BUCKLAND_CHAPTER7 TO 10_RAVEN\DEBUG\GOAL_WANDER.SBR
C:\USERS\LUCAS\DESKTOP\JOGOS - GAME AI BY EXAMPLE\BLUCKLAND_SOURCECODE - NEW VERSION\VS2010\BUCKLAND_CHAPTER7 TO 10_RAVEN\DEBUG\GRAVEMARKERS.ASM
C:\USERS\LUCAS\DESKTOP\JOGOS - GAME AI BY EXAMPLE\BLUCKLAND_SOURCECODE - NEW VERSION\VS2010\BUCKLAND_CHAPTER7 TO 10_RAVEN\DEBUG\GRAVEMARKERS.OBJ
C:\USERS\LUCAS\DESKTOP\JOGOS - GAME AI BY EXAMPLE\BLUCKLAND_SOURCECODE - NEW VERSION\VS2010\BUCKLAND_CHAPTER7 TO 10_RAVEN\DEBUG\GRAVEMARKERS.SBR
C:\USERS\LUCAS\DESKTOP\JOGOS - GAME AI BY EXAMPLE\BLUCKLAND_SOURCECODE - NEW VERSION\VS2010\BUCKLAND_CHAPTER7 TO 10_RAVEN\DEBUG\MAIN.ASM
C:\USERS\LUCAS\DESKTOP\JOGOS - GAME AI BY EXAMPLE\BLUCKLAND_SOURCECODE - NEW VERSION\VS2010\BUCKLAND_CHAPTER7 TO 10_RAVEN\DEBUG\MAIN.OBJ
C:\USERS\LUCAS\DESKTOP\JOGOS - GAME AI BY EXAMPLE\BLUCKLAND_SOURCECODE - NEW VERSION\VS2010\BUCKLAND_CHAPTER7 TO 10_RAVEN\DEBUG\MAIN.SBR
C:\USERS\LUCAS\DESKTOP\JOGOS - GAME AI BY EXAMPLE\BLUCKLAND_SOURCECODE - NEW VERSION\VS2010\BUCKLAND_CHAPTER7 TO 10_RAVEN\DEBUG\MESSAGEDISPATCHER.ASM
C:\USERS\LUCAS\DESKTOP\JOGOS - GAME AI BY EXAMPLE\BLUCKLAND_SOURCECODE - NEW VERSION\VS2010\BUCKLAND_CHAPTER7 TO 10_RAVEN\DEBUG\MESSAGEDISPATCHER.OBJ
C:\USERS\LUCAS\DESKTOP\JOGOS - GAME AI BY EXAMPLE\BLUCKLAND_SOURCECODE - NEW VERSION\VS2010\BUCKLAND_CHAPTER7 TO 10_RAVEN\DEBUG\MESSAGEDISPATCHER.SBR
C:\USERS\LUCAS\DESKTOP\JOGOS - GAME AI BY EXAMPLE\BLUCKLAND_SOURCECODE - NEW VERSION\VS2010\BUCKLAND_CHAPTER7 TO 10_RAVEN\DEBUG\PRECISIONTIMER.ASM
C:\USERS\LUCAS\DESKTOP\JOGOS - GAME AI BY EXAMPLE\BLUCKLAND_SOURCECODE - NEW VERSION\VS2010\BUCKLAND_CHAPTER7 TO 10_RAVEN\DEBUG\PRECISIONTIMER.OBJ
C:\USERS\LUCAS\DESKTOP\JOGOS - GAME AI BY EXAMPLE\BLUCKLAND_SOURCECODE - NEW VERSION\VS2010\BUCKLAND_CHAPTER7 TO 10_RAVEN\DEBUG\PRECISIONTIMER.SBR
C:\USERS\LUCAS\DESKTOP\JOGOS - GAME AI BY EXAMPLE\BLUCKLAND_SOURCECODE - NEW VERSION\VS2010\BUCKLAND_CHAPTER7 TO 10_RAVEN\DEBUG\PROJECTILE_BOLT.ASM
C:\USERS\LUCAS\DESKTOP\JOGOS - GAME AI BY EXAMPLE\BLUCKLAND_SOURCECODE - NEW VERSION\VS2010\BUCKLAND_CHAPTER7 TO 10_RAVEN\DEBUG\PROJECTILE_BOLT.OBJ
C:\USERS\LUCAS\DESKTOP\JOGOS - GAME AI BY EXAMPLE\BLUCKLAND_SOURCECODE - NEW VERSION\VS2010\BUCKLAND_CHAPTER7 TO 10_RAVEN\DEBUG\PROJECTILE_BOLT.SBR
C:\USERS\LUCAS\DESKTOP\JOGOS - GAME AI BY EXAMPLE\BLUCKLAND_SOURCECODE - NEW VERSION\VS2010\BUCKLAND_CHAPTER7 TO 10_RAVEN\DEBUG\PROJECTILE_PELLET.ASM
C:\USERS\LUCAS\DESKTOP\JOGOS - GAME AI BY EXAMPLE\BLUCKLAND_SOURCECODE - NEW VERSION\VS2010\BUCKLAND_CHAPTER7 TO 10_RAVEN\DEBUG\PROJECTILE_PELLET.OBJ
C:\USERS\LUCAS\DESKTOP\JOGOS - GAME AI BY EXAMPLE\BLUCKLAND_SOURCECODE - NEW VERSION\VS2010\BUCKLAND_CHAPTER7 TO 10_RAVEN\DEBUG\PROJECTILE_PELLET.SBR
C:\USERS\LUCAS\DESKTOP\JOGOS - GAME AI BY EXAMPLE\BLUCKLAND_SOURCECODE - NEW VERSION\VS2010\BUCKLAND_CHAPTER7 TO 10_RAVEN\DEBUG\PROJECTILE_ROCKET.ASM
C:\USERS\LUCAS\DESKTOP\JOGOS - GAME AI BY EXAMPLE\BLUCKLAND_SOURCECODE - NEW VERSION\VS2010\BUCKLAND_CHAPTER7 TO 10_RAVEN\DEBUG\PROJECTILE_ROCKET.OBJ
C:\USERS\LUCAS\DESKTOP\JOGOS - GAME AI BY EXAMPLE\BLUCKLAND_SOURCECODE - NEW VERSION\VS2010\BUCKLAND_CHAPTER7 TO 10_RAVEN\DEBUG\PROJECTILE_ROCKET.SBR
C:\USERS\LUCAS\DESKTOP\JOGOS - GAME AI BY EXAMPLE\BLUCKLAND_SOURCECODE - NEW VERSION\VS2010\BUCKLAND_CHAPTER7 TO 10_RAVEN\DEBUG\PROJECTILE_SLUG.ASM
C:\USERS\LUCAS\DESKTOP\JOGOS - GAME AI BY EXAMPLE\BLUCKLAND_SOURCECODE - NEW VERSION\VS2010\BUCKLAND_CHAPTER7 TO 10_RAVEN\DEBUG\PROJECTILE_SLUG.OBJ
C:\USERS\LUCAS\DESKTOP\JOGOS - GAME AI BY EXAMPLE\BLUCKLAND_SOURCECODE - NEW VERSION\VS2010\BUCKLAND_CHAPTER7 TO 10_RAVEN\DEBUG\PROJECTILE_SLUG.SBR
C:\USERS\LUCAS\DESKTOP\JOGOS - GAME AI BY EXAMPLE\BLUCKLAND_SOURCECODE - NEW VERSION\VS2010\BUCKLAND_CHAPTER7 TO 10_RAVEN\DEBUG\RAVEN.BSC
C:\USERS\LUCAS\DESKTOP\JOGOS - GAME AI BY EXAMPLE\BLUCKLAND_SOURCECODE - NEW VERSION\VS2010\BUCKLAND_CHAPTER7 TO 10_RAVEN\DEBUG\RAVEN.EXE
C:\USERS\LUCAS\DESKTOP\JOGOS - GAME AI BY EXAMPLE\BLUCKLAND_SOURCECODE - NEW VERSION\VS2010\BUCKLAND_CHAPTER7 TO 10_RAVEN\DEBUG\RAVEN.EXE.EMBED.MANIFEST
C:\USERS\LUCAS\DESKTOP\JOGOS - GAME AI BY EXAMPLE\BLUCKLAND_SOURCECODE - NEW VERSION\VS2010\BUCKLAND_CHAPTER7 TO 10_RAVEN\DEBUG\RAVEN.EXE.EMBED.MANIFEST.RES
C:\USERS\LUCAS\DESKTOP\JOGOS - GAME AI BY EXAMPLE\BLUCKLAND_SOURCECODE - NEW VERSION\VS2010\BUCKLAND_CHAPTER7 TO 10_RAVEN\DEBUG\RAVEN.EXE.INTERMEDIATE.MANIFEST
C:\USERS\LUCAS\DESKTOP\JOGOS - GAME AI BY EXAMPLE\BLUCKLAND_SOURCECODE - NEW VERSION\VS2010\BUCKLAND_CHAPTER7 TO 10_RAVEN\DEBUG\RAVEN.ILK
C:\USERS\LUCAS\DESKTOP\JOGOS - GAME AI BY EXAMPLE\BLUCKLAND_SOURCECODE - NEW VERSION\VS2010\BUCKLAND_CHAPTER7 TO 10_RAVEN\DEBUG\RAVEN.PDB
C:\USERS\LUCAS\DESKTOP\JOGOS - GAME AI BY EXAMPLE\BLUCKLAND_SOURCECODE - NEW VERSION\VS2010\BUCKLAND_CHAPTER7 TO 10_RAVEN\DEBUG\RAVEN_BOT.ASM
C:\USERS\LUCAS\DESKTOP\JOGOS - GAME AI BY EXAMPLE\BLUCKLAND_SOURCECODE - NEW VERSION\VS2010\BUCKLAND_CHAPTER7 TO 10_RAVEN\DEBUG\RAVEN_BOT.OBJ
C:\USERS\LUCAS\DESKTOP\JOGOS - GAME AI BY EXAMPLE\BLUCKLAND_SOURCECODE - NEW VERSION\VS2010\BUCKLAND_CHAPTER7 TO 10_RAVEN\DEBUG\RAVEN_BOT.SBR
C:\USERS\LUCAS\DESKTOP\JOGOS - GAME AI BY EXAMPLE\BLUCKLAND_SOURCECODE - NEW VERSION\VS2010\BUCKLAND_CHAPTER7 TO 10_RAVEN\DEBUG\RAVEN_BOT_COMMON.ASM
C:\USERS\LUCAS\DESKTOP\JOGOS - GAME AI BY EXAMPLE\BLUCKLAND_SOURCECODE - NEW VERSION\VS2010\BUCKLAND_CHAPTER7 TO 10_RAVEN\DEBUG\RAVEN_BOT_COMMON.OBJ
C:\USERS\LUCAS\DESKTOP\JOGOS - GAME AI BY EXAMPLE\BLUCKLAND_SOURCECODE - NEW VERSION\VS2010\BUCKLAND_CHAPTER7 TO 10_RAVEN\DEBUG\RAVEN_BOT_COMMON.SBR
C:\USERS\LUCAS\DESKTOP\JOGOS - GAME AI BY EXAMPLE\BLUCKLAND_SOURCECODE - NEW VERSION\VS2010\BUCKLAND_CHAPTER7 TO 10_RAVEN\DEBUG\RAVEN_BOT_PLUS.ASM
C:\USERS\LUCAS\DESKTOP\JOGOS - GAME AI BY EXAMPLE\BLUCKLAND_SOURCECODE - NEW VERSION\VS2010\BUCKLAND_CHAPTER7 TO 10_RAVEN\DEBUG\RAVEN_BOT_PLUS.OBJ
C:\USERS\LUCAS\DESKTOP\JOGOS - GAME AI BY EXAMPLE\BLUCKLAND_SOURCECODE - NEW VERSION\VS2010\BUCKLAND_CHAPTER7 TO 10_RAVEN\DEBUG\RAVEN_BOT_PLUS.SBR
C:\USERS\LUCAS\DESKTOP\JOGOS - GAME AI BY EXAMPLE\BLUCKLAND_SOURCECODE - NEW VERSION\VS2010\BUCKLAND_CHAPTER7 TO 10_RAVEN\DEBUG\RAVEN_DOOR.ASM
C:\USERS\LUCAS\DESKTOP\JOGOS - GAME AI BY EXAMPLE\BLUCKLAND_SOURCECODE - NEW VERSION\VS2010\BUCKLAND_CHAPTER7 TO 10_RAVEN\DEBUG\RAVEN_DOOR.OBJ
C:\USERS\LUCAS\DESKTOP\JOGOS - GAME AI BY EXAMPLE\BLUCKLAND_SOURCECODE - NEW VERSION\VS2010\BUCKLAND_CHAPTER7 TO 10_RAVEN\DEBUG\RAVEN_DOOR.SBR
C:\USERS\LUCAS\DESKTOP\JOGOS - GAME AI BY EXAMPLE\BLUCKLAND_SOURCECODE - NEW VERSION\VS2010\BUCKLAND_CHAPTER7 TO 10_RAVEN\DEBUG\RAVEN_FEATURE.ASM
C:\USERS\LUCAS\DESKTOP\JOGOS - GAME AI BY EXAMPLE\BLUCKLAND_SOURCECODE - NEW VERSION\VS2010\BUCKLAND_CHAPTER7 TO 10_RAVEN\DEBUG\RAVEN_FEATURE.OBJ
C:\USERS\LUCAS\DESKTOP\JOGOS - GAME AI BY EXAMPLE\BLUCKLAND_SOURCECODE - NEW VERSION\VS2010\BUCKLAND_CHAPTER7 TO 10_RAVEN\DEBUG\RAVEN_FEATURE.SBR
C:\USERS\LUCAS\DESKTOP\JOGOS - GAME AI BY EXAMPLE\BLUCKLAND_SOURCECODE - NEW VERSION\VS2010\BUCKLAND_CHAPTER7 TO 10_RAVEN\DEBUG\RAVEN_GAME.ASM
C:\USERS\LUCAS\DESKTOP\JOGOS - GAME AI BY EXAMPLE\BLUCKLAND_SOURCECODE - NEW VERSION\VS2010\BUCKLAND_CHAPTER7 TO 10_RAVEN\DEBUG\RAVEN_GAME.OBJ
C:\USERS\LUCAS\DESKTOP\JOGOS - GAME AI BY EXAMPLE\BLUCKLAND_SOURCECODE - NEW VERSION\VS2010\BUCKLAND_CHAPTER7 TO 10_RAVEN\DEBUG\RAVEN_GAME.SBR
C:\USERS\LUCAS\DESKTOP\JOGOS - GAME AI BY EXAMPLE\BLUCKLAND_SOURCECODE - NEW VERSION\VS2010\BUCKLAND_CHAPTER7 TO 10_RAVEN\DEBUG\RAVEN_GOAL_TYPES.ASM
C:\USERS\LUCAS\DESKTOP\JOGOS - GAME AI BY EXAMPLE\BLUCKLAND_SOURCECODE - NEW VERSION\VS2010\BUCKLAND_CHAPTER7 TO 10_RAVEN\DEBUG\RAVEN_GOAL_TYPES.OBJ
C:\USERS\LUCAS\DESKTOP\JOGOS - GAME AI BY EXAMPLE\BLUCKLAND_SOURCECODE - NEW VERSION\VS2010\BUCKLAND_CHAPTER7 TO 10_RAVEN\DEBUG\RAVEN_GOAL_TYPES.SBR
C:\USERS\LUCAS\DESKTOP\JOGOS - GAME AI BY EXAMPLE\BLUCKLAND_SOURCECODE - NEW VERSION\VS2010\BUCKLAND_CHAPTER7 TO 10_RAVEN\DEBUG\RAVEN_MAP.ASM
C:\USERS\LUCAS\DESKTOP\JOGOS - GAME AI BY EXAMPLE\BLUCKLAND_SOURCECODE - NEW VERSION\VS2010\BUCKLAND_CHAPTER7 TO 10_RAVEN\DEBUG\RAVEN_MAP.OBJ
C:\USERS\LUCAS\DESKTOP\JOGOS - GAME AI BY EXAMPLE\BLUCKLAND_SOURCECODE - NEW VERSION\VS2010\BUCKLAND_CHAPTER7 TO 10_RAVEN\DEBUG\RAVEN_MAP.SBR
C:\USERS\LUCAS\DESKTOP\JOGOS - GAME AI BY EXAMPLE\BLUCKLAND_SOURCECODE - NEW VERSION\VS2010\BUCKLAND_CHAPTER7 TO 10_RAVEN\DEBUG\RAVEN_PATHPLANNER.ASM
C:\USERS\LUCAS\DESKTOP\JOGOS - GAME AI BY EXAMPLE\BLUCKLAND_SOURCECODE - NEW VERSION\VS2010\BUCKLAND_CHAPTER7 TO 10_RAVEN\DEBUG\RAVEN_PATHPLANNER.OBJ
C:\USERS\LUCAS\DESKTOP\JOGOS - GAME AI BY EXAMPLE\BLUCKLAND_SOURCECODE - NEW VERSION\VS2010\BUCKLAND_CHAPTER7 TO 10_RAVEN\DEBUG\RAVEN_PATHPLANNER.SBR
C:\USERS\LUCAS\DESKTOP\JOGOS - GAME AI BY EXAMPLE\BLUCKLAND_SOURCECODE - NEW VERSION\VS2010\BUCKLAND_CHAPTER7 TO 10_RAVEN\DEBUG\RAVEN_PROJECTILE.ASM
C:\USERS\LUCAS\DESKTOP\JOGOS - GAME AI BY EXAMPLE\BLUCKLAND_SOURCECODE - NEW VERSION\VS2010\BUCKLAND_CHAPTER7 TO 10_RAVEN\DEBUG\RAVEN_PROJECTILE.OBJ
C:\USERS\LUCAS\DESKTOP\JOGOS - GAME AI BY EXAMPLE\BLUCKLAND_SOURCECODE - NEW VERSION\VS2010\BUCKLAND_CHAPTER7 TO 10_RAVEN\DEBUG\RAVEN_PROJECTILE.SBR
C:\USERS\LUCAS\DESKTOP\JOGOS - GAME AI BY EXAMPLE\BLUCKLAND_SOURCECODE - NEW VERSION\VS2010\BUCKLAND_CHAPTER7 TO 10_RAVEN\DEBUG\RAVEN_SCRIPTOR.ASM
C:\USERS\LUCAS\DESKTOP\JOGOS - GAME AI BY EXAMPLE\BLUCKLAND_SOURCECODE - NEW VERSION\VS2010\BUCKLAND_CHAPTER7 TO 10_RAVEN\DEBUG\RAVEN_SCRIPTOR.OBJ
C:\USERS\LUCAS\DESKTOP\JOGOS - GAME AI BY EXAMPLE\BLUCKLAND_SOURCECODE - NEW VERSION\VS2010\BUCKLAND_CHAPTER7 TO 10_RAVEN\DEBUG\RAVEN_SCRIPTOR.SBR
C:\USERS\LUCAS\DESKTOP\JOGOS - GAME AI BY EXAMPLE\BLUCKLAND_SOURCECODE - NEW VERSION\VS2010\BUCKLAND_CHAPTER7 TO 10_RAVEN\DEBUG\RAVEN_SENSORYMEMORY.ASM
C:\USERS\LUCAS\DESKTOP\JOGOS - GAME AI BY EXAMPLE\BLUCKLAND_SOURCECODE - NEW VERSION\VS2010\BUCKLAND_CHAPTER7 TO 10_RAVEN\DEBUG\RAVEN_SENSORYMEMORY.OBJ
C:\USERS\LUCAS\DESKTOP\JOGOS - GAME AI BY EXAMPLE\BLUCKLAND_SOURCECODE - NEW VERSION\VS2010\BUCKLAND_CHAPTER7 TO 10_RAVEN\DEBUG\RAVEN_SENSORYMEMORY.SBR
C:\USERS\LUCAS\DESKTOP\JOGOS - GAME AI BY EXAMPLE\BLUCKLAND_SOURCECODE - NEW VERSION\VS2010\BUCKLAND_CHAPTER7 TO 10_RAVEN\DEBUG\RAVEN_STEERINGBEHAVIORS.ASM
C:\USERS\LUCAS\DESKTOP\JOGOS - GAME AI BY EXAMPLE\BLUCKLAND_SOURCECODE - NEW VERSION\VS2010\BUCKLAND_CHAPTER7 TO 10_RAVEN\DEBUG\RAVEN_STEERINGBEHAVIORS.OBJ
C:\USERS\LUCAS\DESKTOP\JOGOS - GAME AI BY EXAMPLE\BLUCKLAND_SOURCECODE - NEW VERSION\VS2010\BUCKLAND_CHAPTER7 TO 10_RAVEN\DEBUG\RAVEN_STEERINGBEHAVIORS.SBR
C:\USERS\LUCAS\DESKTOP\JOGOS - GAME AI BY EXAMPLE\BLUCKLAND_SOURCECODE - NEW VERSION\VS2010\BUCKLAND_CHAPTER7 TO 10_RAVEN\DEBUG\RAVEN_TARGETINGSYSTEM.ASM
C:\USERS\LUCAS\DESKTOP\JOGOS - GAME AI BY EXAMPLE\BLUCKLAND_SOURCECODE - NEW VERSION\VS2010\BUCKLAND_CHAPTER7 TO 10_RAVEN\DEBUG\RAVEN_TARGETINGSYSTEM.OBJ
C:\USERS\LUCAS\DESKTOP\JOGOS - GAME AI BY EXAMPLE\BLUCKLAND_SOURCECODE - NEW VERSION\VS2010\BUCKLAND_CHAPTER7 TO 10_RAVEN\DEBUG\RAVEN_TARGETINGSYSTEM.SBR
C:\USERS\LUCAS\DESKTOP\JOGOS - GAME AI BY EXAMPLE\BLUCKLAND_SOURCECODE - NEW VERSION\VS2010\BUCKLAND_CHAPTER7 TO 10_RAVEN\DEBUG\RAVEN_USEROPTIONS.ASM
C:\USERS\LUCAS\DESKTOP\JOGOS - GAME AI BY EXAMPLE\BLUCKLAND_SOURCECODE - NEW VERSION\VS2010\BUCKLAND_CHAPTER7 TO 10_RAVEN\DEBUG\RAVEN_USEROPTIONS.OBJ
C:\USERS\LUCAS\DESKTOP\JOGOS - GAME AI BY EXAMPLE\BLUCKLAND_SOURCECODE - NEW VERSION\VS2010\BUCKLAND_CHAPTER7 TO 10_RAVEN\DEBUG\RAVEN_USEROPTIONS.SBR
C:\USERS\LUCAS\DESKTOP\JOGOS - GAME AI BY EXAMPLE\BLUCKLAND_SOURCECODE - NEW VERSION\VS2010\BUCKLAND_CHAPTER7 TO 10_RAVEN\DEBUG\RAVEN_WEAPON.ASM
C:\USERS\LUCAS\DESKTOP\JOGOS - GAME AI BY EXAMPLE\BLUCKLAND_SOURCECODE - NEW VERSION\VS2010\BUCKLAND_CHAPTER7 TO 10_RAVEN\DEBUG\RAVEN_WEAPON.OBJ
C:\USERS\LUCAS\DESKTOP\JOGOS - GAME AI BY EXAMPLE\BLUCKLAND_SOURCECODE - NEW VERSION\VS2010\BUCKLAND_CHAPTER7 TO 10_RAVEN\DEBUG\RAVEN_WEAPON.SBR
C:\USERS\LUCAS\DESKTOP\JOGOS - GAME AI BY EXAMPLE\BLUCKLAND_SOURCECODE - NEW VERSION\VS2010\BUCKLAND_CHAPTER7 TO 10_RAVEN\DEBUG\RAVEN_WEAPONSYSTEM.ASM
C:\USERS\LUCAS\DESKTOP\JOGOS - GAME AI BY EXAMPLE\BLUCKLAND_SOURCECODE - NEW VERSION\VS2010\BUCKLAND_CHAPTER7 TO 10_RAVEN\DEBUG\RAVEN_WEAPONSYSTEM.OBJ
C:\USERS\LUCAS\DESKTOP\JOGOS - GAME AI BY EXAMPLE\BLUCKLAND_SOURCECODE - NEW VERSION\VS2010\BUCKLAND_CHAPTER7 TO 10_RAVEN\DEBUG\RAVEN_WEAPONSYSTEM.SBR
C:\USERS\LUCAS\DESKTOP\JOGOS - GAME AI BY EXAMPLE\BLUCKLAND_SOURCECODE - NEW VERSION\VS2010\BUCKLAND_CHAPTER7 TO 10_RAVEN\DEBUG\SCRIPT1.RES
C:\USERS\LUCAS\DESKTOP\JOGOS - GAME AI BY EXAMPLE\BLUCKLAND_SOURCECODE - NEW VERSION\VS2010\BUCKLAND_CHAPTER7 TO 10_RAVEN\DEBUG\TRIGGER_HEALTHGIVER.ASM
C:\USERS\LUCAS\DESKTOP\JOGOS - GAME AI BY EXAMPLE\BLUCKLAND_SOURCECODE - NEW VERSION\VS2010\BUCKLAND_CHAPTER7 TO 10_RAVEN\DEBUG\TRIGGER_HEALTHGIVER.OBJ
C:\USERS\LUCAS\DESKTOP\JOGOS - GAME AI BY EXAMPLE\BLUCKLAND_SOURCECODE - NEW VERSION\VS2010\BUCKLAND_CHAPTER7 TO 10_RAVEN\DEBUG\TRIGGER_HEALTHGIVER.SBR
C:\USERS\LUCAS\DESKTOP\JOGOS - GAME AI BY EXAMPLE\BLUCKLAND_SOURCECODE - NEW VERSION\VS2010\BUCKLAND_CHAPTER7 TO 10_RAVEN\DEBUG\TRIGGER_SOUNDNOTIFY.ASM
C:\USERS\LUCAS\DESKTOP\JOGOS - GAME AI BY EXAMPLE\BLUCKLAND_SOURCECODE - NEW VERSION\VS2010\BUCKLAND_CHAPTER7 TO 10_RAVEN\DEBUG\TRIGGER_SOUNDNOTIFY.OBJ
C:\USERS\LUCAS\DESKTOP\JOGOS - GAME AI BY EXAMPLE\BLUCKLAND_SOURCECODE - NEW VERSION\VS2010\BUCKLAND_CHAPTER7 TO 10_RAVEN\DEBUG\TRIGGER_SOUNDNOTIFY.SBR
C:\USERS\LUCAS\DESKTOP\JOGOS - GAME AI BY EXAMPLE\BLUCKLAND_SOURCECODE - NEW VERSION\VS2010\BUCKLAND_CHAPTER7 TO 10_RAVEN\DEBUG\TRIGGER_WEAPONGIVER.ASM
C:\USERS\LUCAS\DESKTOP\JOGOS - GAME AI BY EXAMPLE\BLUCKLAND_SOURCECODE - NEW VERSION\VS2010\BUCKLAND_CHAPTER7 TO 10_RAVEN\DEBUG\TRIGGER_WEAPONGIVER.OBJ
C:\USERS\LUCAS\DESKTOP\JOGOS - GAME AI BY EXAMPLE\BLUCKLAND_SOURCECODE - NEW VERSION\VS2010\BUCKLAND_CHAPTER7 TO 10_RAVEN\DEBUG\TRIGGER_WEAPONGIVER.SBR
C:\USERS\LUCAS\DESKTOP\JOGOS - GAME AI BY EXAMPLE\BLUCKLAND_SOURCECODE - NEW VERSION\VS2010\BUCKLAND_CHAPTER7 TO 10_RAVEN\DEBUG\VC100.PDB
C:\USERS\LUCAS\DESKTOP\JOGOS - GAME AI BY EXAMPLE\BLUCKLAND_SOURCECODE - NEW VERSION\VS2010\BUCKLAND_CHAPTER7 TO 10_RAVEN\DEBUG\VECTOR2D.ASM
C:\USERS\LUCAS\DESKTOP\JOGOS - GAME AI BY EXAMPLE\BLUCKLAND_SOURCECODE - NEW VERSION\VS2010\BUCKLAND_CHAPTER7 TO 10_RAVEN\DEBUG\VECTOR2D.OBJ
C:\USERS\LUCAS\DESKTOP\JOGOS - GAME AI BY EXAMPLE\BLUCKLAND_SOURCECODE - NEW VERSION\VS2010\BUCKLAND_CHAPTER7 TO 10_RAVEN\DEBUG\VECTOR2D.SBR
C:\USERS\LUCAS\DESKTOP\JOGOS - GAME AI BY EXAMPLE\BLUCKLAND_SOURCECODE - NEW VERSION\VS2010\BUCKLAND_CHAPTER7 TO 10_RAVEN\DEBUG\WEAPON_BLASTER.ASM
C:\USERS\LUCAS\DESKTOP\JOGOS - GAME AI BY EXAMPLE\BLUCKLAND_SOURCECODE - NEW VERSION\VS2010\BUCKLAND_CHAPTER7 TO 10_RAVEN\DEBUG\WEAPON_BLASTER.OBJ
C:\USERS\LUCAS\DESKTOP\JOGOS - GAME AI BY EXAMPLE\BLUCKLAND_SOURCECODE - NEW VERSION\VS2010\BUCKLAND_CHAPTER7 TO 10_RAVEN\DEBUG\WEAPON_BLASTER.SBR
C:\USERS\LUCAS\DESKTOP\JOGOS - GAME AI BY EXAMPLE\BLUCKLAND_SOURCECODE - NEW VERSION\VS2010\BUCKLAND_CHAPTER7 TO 10_RAVEN\DEBUG\WEAPON_RAILGUN.ASM
C:\USERS\LUCAS\DESKTOP\JOGOS - GAME AI BY EXAMPLE\BLUCKLAND_SOURCECODE - NEW VERSION\VS2010\BUCKLAND_CHAPTER7 TO 10_RAVEN\DEBUG\WEAPON_RAILGUN.OBJ
C:\USERS\LUCAS\DESKTOP\JOGOS - GAME AI BY EXAMPLE\BLUCKLAND_SOURCECODE - NEW VERSION\VS2010\BUCKLAND_CHAPTER7 TO 10_RAVEN\DEBUG\WEAPON_RAILGUN.SBR
C:\USERS\LUCAS\DESKTOP\JOGOS - GAME AI BY EXAMPLE\BLUCKLAND_SOURCECODE - NEW VERSION\VS2010\BUCKLAND_CHAPTER7 TO 10_RAVEN\DEBUG\WEAPON_ROCKETLAUNCHER.ASM
C:\USERS\LUCAS\DESKTOP\JOGOS - GAME AI BY EXAMPLE\BLUCKLAND_SOURCECODE - NEW VERSION\VS2010\BUCKLAND_CHAPTER7 TO 10_RAVEN\DEBUG\WEAPON_ROCKETLAUNCHER.OBJ
C:\USERS\LUCAS\DESKTOP\JOGOS - GAME AI BY EXAMPLE\BLUCKLAND_SOURCECODE - NEW VERSION\VS2010\BUCKLAND_CHAPTER7 TO 10_RAVEN\DEBUG\WEAPON_ROCKETLAUNCHER.SBR
C:\USERS\LUCAS\DESKTOP\JOGOS - GAME AI BY EXAMPLE\BLUCKLAND_SOURCECODE - NEW VERSION\VS2010\BUCKLAND_CHAPTER7 TO 10_RAVEN\DEBUG\WEAPON_SHOTGUN.ASM
C:\USERS\LUCAS\DESKTOP\JOGOS - GAME AI BY EXAMPLE\BLUCKLAND_SOURCECODE - NEW VERSION\VS2010\BUCKLAND_CHAPTER7 TO 10_RAVEN\DEBUG\WEAPON_SHOTGUN.OBJ
C:\USERS\LUCAS\DESKTOP\JOGOS - GAME AI BY EXAMPLE\BLUCKLAND_SOURCECODE - NEW VERSION\VS2010\BUCKLAND_CHAPTER7 TO 10_RAVEN\DEBUG\WEAPON_SHOTGUN.SBR
C:\USERS\LUCAS\DESKTOP\JOGOS - GAME AI BY EXAMPLE\BLUCKLAND_SOURCECODE - NEW VERSION\VS2010\BUCKLAND_CHAPTER7 TO 10_RAVEN\DEBUG\WINDOWUTILS.ASM
C:\USERS\LUCAS\DESKTOP\JOGOS - GAME AI BY EXAMPLE\BLUCKLAND_SOURCECODE - NEW VERSION\VS2010\BUCKLAND_CHAPTER7 TO 10_RAVEN\DEBUG\WINDOWUTILS.OBJ
C:\USERS\LUCAS\DESKTOP\JOGOS - GAME AI BY EXAMPLE\BLUCKLAND_SOURCECODE - NEW VERSION\VS2010\BUCKLAND_CHAPTER7 TO 10_RAVEN\DEBUG\WINDOWUTILS.SBR
C:\USERS\LUCAS\DESKTOP\JOGOS - GAME AI BY EXAMPLE\BLUCKLAND_SOURCECODE - NEW VERSION\VS2010\RAVEN_GAME\BUCKLAND_CHAPTER7 TO 10_RAVEN\DEBUG\ATTACKTARGETGOAL_EVALUATOR.ASM
C:\USERS\LUCAS\DESKTOP\JOGOS - GAME AI BY EXAMPLE\BLUCKLAND_SOURCECODE - NEW VERSION\VS2010\RAVEN_GAME\BUCKLAND_CHAPTER7 TO 10_RAVEN\DEBUG\ATTACKTARGETGOAL_EVALUATOR.OBJ
C:\USERS\LUCAS\DESKTOP\JOGOS - GAME AI BY EXAMPLE\BLUCKLAND_SOURCECODE - NEW VERSION\VS2010\RAVEN_GAME\BUCKLAND_CHAPTER7 TO 10_RAVEN\DEBUG\ATTACKTARGETGOAL_EVALUATOR.SBR
C:\USERS\LUCAS\DESKTOP\JOGOS - GAME AI BY EXAMPLE\BLUCKLAND_SOURCECODE - NEW VERSION\VS2010\RAVEN_GAME\BUCKLAND_CHAPTER7 TO 10_RAVEN\DEBUG\BASEGAMEENTITY.ASM
C:\USERS\LUCAS\DESKTOP\JOGOS - GAME AI BY EXAMPLE\BLUCKLAND_SOURCECODE - NEW VERSION\VS2010\RAVEN_GAME\BUCKLAND_CHAPTER7 TO 10_RAVEN\DEBUG\BASEGAMEENTITY.OBJ
C:\USERS\LUCAS\DESKTOP\JOGOS - GAME AI BY EXAMPLE\BLUCKLAND_SOURCECODE - NEW VERSION\VS2010\RAVEN_GAME\BUCKLAND_CHAPTER7 TO 10_RAVEN\DEBUG\BASEGAMEENTITY.SBR
C:\USERS\LUCAS\DESKTOP\JOGOS - GAME AI BY EXAMPLE\BLUCKLAND_SOURCECODE - NEW VERSION\VS2010\RAVEN_GAME\BUCKLAND_CHAPTER7 TO 10_RAVEN\DEBUG\CGDI.ASM
C:\USERS\LUCAS\DESKTOP\JOGOS - GAME AI BY EXAMPLE\BLUCKLAND_SOURCECODE - NEW VERSION\VS2010\RAVEN_GAME\BUCKLAND_CHAPTER7 TO 10_RAVEN\DEBUG\CGDI.OBJ
C:\USERS\LUCAS\DESKTOP\JOGOS - GAME AI BY EXAMPLE\BLUCKLAND_SOURCECODE - NEW VERSION\VS2010\RAVEN_GAME\BUCKLAND_CHAPTER7 TO 10_RAVEN\DEBUG\CGDI.SBR
C:\USERS\LUCAS\DESKTOP\JOGOS - GAME AI BY EXAMPLE\BLUCKLAND_SOURCECODE - NEW VERSION\VS2010\RAVEN_GAME\BUCKLAND_CHAPTER7 TO 10_RAVEN\DEBUG\CRUDETIMER.ASM
C:\USERS\LUCAS\DESKTOP\JOGOS - GAME AI BY EXAMPLE\BLUCKLAND_SOURCECODE - NEW VERSION\VS2010\RAVEN_GAME\BUCKLAND_CHAPTER7 TO 10_RAVEN\DEBUG\CRUDETIMER.OBJ
C:\USERS\LUCAS\DESKTOP\JOGOS - GAME AI BY EXAMPLE\BLUCKLAND_SOURCECODE - NEW VERSION\VS2010\RAVEN_GAME\BUCKLAND_CHAPTER7 TO 10_RAVEN\DEBUG\CRUDETIMER.SBR
C:\USERS\LUCAS\DESKTOP\JOGOS - GAME AI BY EXAMPLE\BLUCKLAND_SOURCECODE - NEW VERSION\VS2010\RAVEN_GAME\BUCKLAND_CHAPTER7 TO 10_RAVEN\DEBUG\DEBUGCONSOLE.ASM
C:\USERS\LUCAS\DESKTOP\JOGOS - GAME AI BY EXAMPLE\BLUCKLAND_SOURCECODE - NEW VERSION\VS2010\RAVEN_GAME\BUCKLAND_CHAPTER7 TO 10_RAVEN\DEBUG\DEBUGCONSOLE.OBJ
C:\USERS\LUCAS\DESKTOP\JOGOS - GAME AI BY EXAMPLE\BLUCKLAND_SOURCECODE - NEW VERSION\VS2010\RAVEN_GAME\BUCKLAND_CHAPTER7 TO 10_RAVEN\DEBUG\DEBUGCONSOLE.SBR
C:\USERS\LUCAS\DESKTOP\JOGOS - GAME AI BY EXAMPLE\BLUCKLAND_SOURCECODE - NEW VERSION\VS2010\RAVEN_GAME\BUCKLAND_CHAPTER7 TO 10_RAVEN\DEBUG\ENTITYMANAGER.ASM
C:\USERS\LUCAS\DESKTOP\JOGOS - GAME AI BY EXAMPLE\BLUCKLAND_SOURCECODE - NEW VERSION\VS2010\RAVEN_GAME\BUCKLAND_CHAPTER7 TO 10_RAVEN\DEBUG\ENTITYMANAGER.OBJ
C:\USERS\LUCAS\DESKTOP\JOGOS - GAME AI BY EXAMPLE\BLUCKLAND_SOURCECODE - NEW VERSION\VS2010\RAVEN_GAME\BUCKLAND_CHAPTER7 TO 10_RAVEN\DEBUG\ENTITYMANAGER.SBR
C:\USERS\LUCAS\DESKTOP\JOGOS - GAME AI BY EXAMPLE\BLUCKLAND_SOURCECODE - NEW VERSION\VS2010\RAVEN_GAME\BUCKLAND_CHAPTER7 TO 10_RAVEN\DEBUG\EXPLOREGOAL_EVALUATOR.ASM
C:\USERS\LUCAS\DESKTOP\JOGOS - GAME AI BY EXAMPLE\BLUCKLAND_SOURCECODE - NEW VERSION\VS2010\RAVEN_GAME\BUCKLAND_CHAPTER7 TO 10_RAVEN\DEBUG\EXPLOREGOAL_EVALUATOR.OBJ
C:\USERS\LUCAS\DESKTOP\JOGOS - GAME AI BY EXAMPLE\BLUCKLAND_SOURCECODE - NEW VERSION\VS2010\RAVEN_GAME\BUCKLAND_CHAPTER7 TO 10_RAVEN\DEBUG\EXPLOREGOAL_EVALUATOR.SBR
C:\USERS\LUCAS\DESKTOP\JOGOS - GAME AI BY EXAMPLE\BLUCKLAND_SOURCECODE - NEW VERSION\VS2010\RAVEN_GAME\BUCKLAND_CHAPTER7 TO 10_RAVEN\DEBUG\FRAMECOUNTER.ASM
C:\USERS\LUCAS\DESKTOP\JOGOS - GAME AI BY EXAMPLE\BLUCKLAND_SOURCECODE - NEW VERSION\VS2010\RAVEN_GAME\BUCKLAND_CHAPTER7 TO 10_RAVEN\DEBUG\FRAMECOUNTER.OBJ
C:\USERS\LUCAS\DESKTOP\JOGOS - GAME AI BY EXAMPLE\BLUCKLAND_SOURCECODE - NEW VERSION\VS2010\RAVEN_GAME\BUCKLAND_CHAPTER7 TO 10_RAVEN\DEBUG\FRAMECOUNTER.SBR
C:\USERS\LUCAS\DESKTOP\JOGOS - GAME AI BY EXAMPLE\BLUCKLAND_SOURCECODE - NEW VERSION\VS2010\RAVEN_GAME\BUCKLAND_CHAPTER7 TO 10_RAVEN\DEBUG\FUZZYMODULE.ASM
C:\USERS\LUCAS\DESKTOP\JOGOS - GAME AI BY EXAMPLE\BLUCKLAND_SOURCECODE - NEW VERSION\VS2010\RAVEN_GAME\BUCKLAND_CHAPTER7 TO 10_RAVEN\DEBUG\FUZZYMODULE.OBJ
C:\USERS\LUCAS\DESKTOP\JOGOS - GAME AI BY EXAMPLE\BLUCKLAND_SOURCECODE - NEW VERSION\VS2010\RAVEN_GAME\BUCKLAND_CHAPTER7 TO 10_RAVEN\DEBUG\FUZZYMODULE.SBR
C:\USERS\LUCAS\DESKTOP\JOGOS - GAME AI BY EXAMPLE\BLUCKLAND_SOURCECODE - NEW VERSION\VS2010\RAVEN_GAME\BUCKLAND_CHAPTER7 TO 10_RAVEN\DEBUG\FUZZYOPERATORS.ASM
C:\USERS\LUCAS\DESKTOP\JOGOS - GAME AI BY EXAMPLE\BLUCKLAND_SOURCECODE - NEW VERSION\VS2010\RAVEN_GAME\BUCKLAND_CHAPTER7 TO 10_RAVEN\DEBUG\FUZZYOPERATORS.OBJ
C:\USERS\LUCAS\DESKTOP\JOGOS - GAME AI BY EXAMPLE\BLUCKLAND_SOURCECODE - NEW VERSION\VS2010\RAVEN_GAME\BUCKLAND_CHAPTER7 TO 10_RAVEN\DEBUG\FUZZYOPERATORS.SBR
C:\USERS\LUCAS\DESKTOP\JOGOS - GAME AI BY EXAMPLE\BLUCKLAND_SOURCECODE - NEW VERSION\VS2010\RAVEN_GAME\BUCKLAND_CHAPTER7 TO 10_RAVEN\DEBUG\FUZZYSET_LEFTSHOULDER.ASM
C:\USERS\LUCAS\DESKTOP\JOGOS - GAME AI BY EXAMPLE\BLUCKLAND_SOURCECODE - NEW VERSION\VS2010\RAVEN_GAME\BUCKLAND_CHAPTER7 TO 10_RAVEN\DEBUG\FUZZYSET_LEFTSHOULDER.OBJ
C:\USERS\LUCAS\DESKTOP\JOGOS - GAME AI BY EXAMPLE\BLUCKLAND_SOURCECODE - NEW VERSION\VS2010\RAVEN_GAME\BUCKLAND_CHAPTER7 TO 10_RAVEN\DEBUG\FUZZYSET_LEFTSHOULDER.SBR
C:\USERS\LUCAS\DESKTOP\JOGOS - GAME AI BY EXAMPLE\BLUCKLAND_SOURCECODE - NEW VERSION\VS2010\RAVEN_GAME\BUCKLAND_CHAPTER7 TO 10_RAVEN\DEBUG\FUZZYSET_RIGHTSHOULDER.ASM
C:\USERS\LUCAS\DESKTOP\JOGOS - GAME AI BY EXAMPLE\BLUCKLAND_SOURCECODE - NEW VERSION\VS2010\RAVEN_GAME\BUCKLAND_CHAPTER7 TO 10_RAVEN\DEBUG\FUZZYSET_RIGHTSHOULDER.OBJ
C:\USERS\LUCAS\DESKTOP\JOGOS - GAME AI BY EXAMPLE\BLUCKLAND_SOURCECODE - NEW VERSION\VS2010\RAVEN_GAME\BUCKLAND_CHAPTER7 TO 10_RAVEN\DEBUG\FUZZYSET_RIGHTSHOULDER.SBR
C:\USERS\LUCAS\DESKTOP\JOGOS - GAME AI BY EXAMPLE\BLUCKLAND_SOURCECODE - NEW VERSION\VS2010\RAVEN_GAME\BUCKLAND_CHAPTER7 TO 10_RAVEN\DEBUG\FUZZYSET_SINGLETON.ASM
C:\USERS\LUCAS\DESKTOP\JOGOS - GAME AI BY EXAMPLE\BLUCKLAND_SOURCECODE - NEW VERSION\VS2010\RAVEN_GAME\BUCKLAND_CHAPTER7 TO 10_RAVEN\DEBUG\FUZZYSET_SINGLETON.OBJ
C:\USERS\LUCAS\DESKTOP\JOGOS - GAME AI BY EXAMPLE\BLUCKLAND_SOURCECODE - NEW VERSION\VS2010\RAVEN_GAME\BUCKLAND_CHAPTER7 TO 10_RAVEN\DEBUG\FUZZYSET_SINGLETON.SBR
C:\USERS\LUCAS\DESKTOP\JOGOS - GAME AI BY EXAMPLE\BLUCKLAND_SOURCECODE - NEW VERSION\VS2010\RAVEN_GAME\BUCKLAND_CHAPTER7 TO 10_RAVEN\DEBUG\FUZZYSET_TRIANGLE.ASM
C:\USERS\LUCAS\DESKTOP\JOGOS - GAME AI BY EXAMPLE\BLUCKLAND_SOURCECODE - NEW VERSION\VS2010\RAVEN_GAME\BUCKLAND_CHAPTER7 TO 10_RAVEN\DEBUG\FUZZYSET_TRIANGLE.OBJ
C:\USERS\LUCAS\DESKTOP\JOGOS - GAME AI BY EXAMPLE\BLUCKLAND_SOURCECODE - NEW VERSION\VS2010\RAVEN_GAME\BUCKLAND_CHAPTER7 TO 10_RAVEN\DEBUG\FUZZYSET_TRIANGLE.SBR
C:\USERS\LUCAS\DESKTOP\JOGOS - GAME AI BY EXAMPLE\BLUCKLAND_SOURCECODE - NEW VERSION\VS2010\RAVEN_GAME\BUCKLAND_CHAPTER7 TO 10_RAVEN\DEBUG\FUZZYVARIABLE.ASM
C:\USERS\LUCAS\DESKTOP\JOGOS - GAME AI BY EXAMPLE\BLUCKLAND_SOURCECODE - NEW VERSION\VS2010\RAVEN_GAME\BUCKLAND_CHAPTER7 TO 10_RAVEN\DEBUG\FUZZYVARIABLE.OBJ
C:\USERS\LUCAS\DESKTOP\JOGOS - GAME AI BY EXAMPLE\BLUCKLAND_SOURCECODE - NEW VERSION\VS2010\RAVEN_GAME\BUCKLAND_CHAPTER7 TO 10_RAVEN\DEBUG\FUZZYVARIABLE.SBR
C:\USERS\LUCAS\DESKTOP\JOGOS - GAME AI BY EXAMPLE\BLUCKLAND_SOURCECODE - NEW VERSION\VS2010\RAVEN_GAME\BUCKLAND_CHAPTER7 TO 10_RAVEN\DEBUG\GETHEALTHGOAL_EVALUATOR.ASM
C:\USERS\LUCAS\DESKTOP\JOGOS - GAME AI BY EXAMPLE\BLUCKLAND_SOURCECODE - NEW VERSION\VS2010\RAVEN_GAME\BUCKLAND_CHAPTER7 TO 10_RAVEN\DEBUG\GETHEALTHGOAL_EVALUATOR.OBJ
C:\USERS\LUCAS\DESKTOP\JOGOS - GAME AI BY EXAMPLE\BLUCKLAND_SOURCECODE - NEW VERSION\VS2010\RAVEN_GAME\BUCKLAND_CHAPTER7 TO 10_RAVEN\DEBUG\GETHEALTHGOAL_EVALUATOR.SBR
C:\USERS\LUCAS\DESKTOP\JOGOS - GAME AI BY EXAMPLE\BLUCKLAND_SOURCECODE - NEW VERSION\VS2010\RAVEN_GAME\BUCKLAND_CHAPTER7 TO 10_RAVEN\DEBUG\GETWEAPONGOAL_EVALUATOR.ASM
C:\USERS\LUCAS\DESKTOP\JOGOS - GAME AI BY EXAMPLE\BLUCKLAND_SOURCECODE - NEW VERSION\VS2010\RAVEN_GAME\BUCKLAND_CHAPTER7 TO 10_RAVEN\DEBUG\GETWEAPONGOAL_EVALUATOR.OBJ
C:\USERS\LUCAS\DESKTOP\JOGOS - GAME AI BY EXAMPLE\BLUCKLAND_SOURCECODE - NEW VERSION\VS2010\RAVEN_GAME\BUCKLAND_CHAPTER7 TO 10_RAVEN\DEBUG\GETWEAPONGOAL_EVALUATOR.SBR
C:\USERS\LUCAS\DESKTOP\JOGOS - GAME AI BY EXAMPLE\BLUCKLAND_SOURCECODE - NEW VERSION\VS2010\RAVEN_GAME\BUCKLAND_CHAPTER7 TO 10_RAVEN\DEBUG\GOAL_ADJUSTRANGE.ASM
C:\USERS\LUCAS\DESKTOP\JOGOS - GAME AI BY EXAMPLE\BLUCKLAND_SOURCECODE - NEW VERSION\VS2010\RAVEN_GAME\BUCKLAND_CHAPTER7 TO 10_RAVEN\DEBUG\GOAL_ADJUSTRANGE.OBJ
C:\USERS\LUCAS\DESKTOP\JOGOS - GAME AI BY EXAMPLE\BLUCKLAND_SOURCECODE - NEW VERSION\VS2010\RAVEN_GAME\BUCKLAND_CHAPTER7 TO 10_RAVEN\DEBUG\GOAL_ADJUSTRANGE.SBR
C:\USERS\LUCAS\DESKTOP\JOGOS - GAME AI BY EXAMPLE\BLUCKLAND_SOURCECODE - NEW VERSION\VS2010\RAVEN_GAME\BUCKLAND_CHAPTER7 TO 10_RAVEN\DEBUG\GOAL_ATTACKTARGET.ASM
C:\USERS\LUCAS\DESKTOP\JOGOS - GAME AI BY EXAMPLE\BLUCKLAND_SOURCECODE - NEW VERSION\VS2010\RAVEN_GAME\BUCKLAND_CHAPTER7 TO 10_RAVEN\DEBUG\GOAL_ATTACKTARGET.OBJ
C:\USERS\LUCAS\DESKTOP\JOGOS - GAME AI BY EXAMPLE\BLUCKLAND_SOURCECODE - NEW VERSION\VS2010\RAVEN_GAME\BUCKLAND_CHAPTER7 TO 10_RAVEN\DEBUG\GOAL_ATTACKTARGET.SBR
C:\USERS\LUCAS\DESKTOP\JOGOS - GAME AI BY EXAMPLE\BLUCKLAND_SOURCECODE - NEW VERSION\VS2010\RAVEN_GAME\BUCKLAND_CHAPTER7 TO 10_RAVEN\DEBUG\GOAL_DODGESIDETOSIDE.ASM
C:\USERS\LUCAS\DESKTOP\JOGOS - GAME AI BY EXAMPLE\BLUCKLAND_SOURCECODE - NEW VERSION\VS2010\RAVEN_GAME\BUCKLAND_CHAPTER7 TO 10_RAVEN\DEBUG\GOAL_DODGESIDETOSIDE.OBJ
C:\USERS\LUCAS\DESKTOP\JOGOS - GAME AI BY EXAMPLE\BLUCKLAND_SOURCECODE - NEW VERSION\VS2010\RAVEN_GAME\BUCKLAND_CHAPTER7 TO 10_RAVEN\DEBUG\GOAL_DODGESIDETOSIDE.SBR
C:\USERS\LUCAS\DESKTOP\JOGOS - GAME AI BY EXAMPLE\BLUCKLAND_SOURCECODE - NEW VERSION\VS2010\RAVEN_GAME\BUCKLAND_CHAPTER7 TO 10_RAVEN\DEBUG\GOAL_EXPLORE.ASM
C:\USERS\LUCAS\DESKTOP\JOGOS - GAME AI BY EXAMPLE\BLUCKLAND_SOURCECODE - NEW VERSION\VS2010\RAVEN_GAME\BUCKLAND_CHAPTER7 TO 10_RAVEN\DEBUG\GOAL_EXPLORE.OBJ
C:\USERS\LUCAS\DESKTOP\JOGOS - GAME AI BY EXAMPLE\BLUCKLAND_SOURCECODE - NEW VERSION\VS2010\RAVEN_GAME\BUCKLAND_CHAPTER7 TO 10_RAVEN\DEBUG\GOAL_EXPLORE.SBR
C:\USERS\LUCAS\DESKTOP\JOGOS - GAME AI BY EXAMPLE\BLUCKLAND_SOURCECODE - NEW VERSION\VS2010\RAVEN_GAME\BUCKLAND_CHAPTER7 TO 10_RAVEN\DEBUG\GOAL_FOLLOWPATH.ASM
C:\USERS\LUCAS\DESKTOP\JOGOS - GAME AI BY EXAMPLE\BLUCKLAND_SOURCECODE - NEW VERSION\VS2010\RAVEN_GAME\BUCKLAND_CHAPTER7 TO 10_RAVEN\DEBUG\GOAL_FOLLOWPATH.OBJ
C:\USERS\LUCAS\DESKTOP\JOGOS - GAME AI BY EXAMPLE\BLUCKLAND_SOURCECODE - NEW VERSION\VS2010\RAVEN_GAME\BUCKLAND_CHAPTER7 TO 10_RAVEN\DEBUG\GOAL_FOLLOWPATH.SBR
C:\USERS\LUCAS\DESKTOP\JOGOS - GAME AI BY EXAMPLE\BLUCKLAND_SOURCECODE - NEW VERSION\VS2010\RAVEN_GAME\BUCKLAND_CHAPTER7 TO 10_RAVEN\DEBUG\GOAL_GETITEM.ASM
C:\USERS\LUCAS\DESKTOP\JOGOS - GAME AI BY EXAMPLE\BLUCKLAND_SOURCECODE - NEW VERSION\VS2010\RAVEN_GAME\BUCKLAND_CHAPTER7 TO 10_RAVEN\DEBUG\GOAL_GETITEM.OBJ
C:\USERS\LUCAS\DESKTOP\JOGOS - GAME AI BY EXAMPLE\BLUCKLAND_SOURCECODE - NEW VERSION\VS2010\RAVEN_GAME\BUCKLAND_CHAPTER7 TO 10_RAVEN\DEBUG\GOAL_GETITEM.SBR
C:\USERS\LUCAS\DESKTOP\JOGOS - GAME AI BY EXAMPLE\BLUCKLAND_SOURCECODE - NEW VERSION\VS2010\RAVEN_GAME\BUCKLAND_CHAPTER7 TO 10_RAVEN\DEBUG\GOAL_HUNTTARGET.ASM
C:\USERS\LUCAS\DESKTOP\JOGOS - GAME AI BY EXAMPLE\BLUCKLAND_SOURCECODE - NEW VERSION\VS2010\RAVEN_GAME\BUCKLAND_CHAPTER7 TO 10_RAVEN\DEBUG\GOAL_HUNTTARGET.OBJ
C:\USERS\LUCAS\DESKTOP\JOGOS - GAME AI BY EXAMPLE\BLUCKLAND_SOURCECODE - NEW VERSION\VS2010\RAVEN_GAME\BUCKLAND_CHAPTER7 TO 10_RAVEN\DEBUG\GOAL_HUNTTARGET.SBR
C:\USERS\LUCAS\DESKTOP\JOGOS - GAME AI BY EXAMPLE\BLUCKLAND_SOURCECODE - NEW VERSION\VS2010\RAVEN_GAME\BUCKLAND_CHAPTER7 TO 10_RAVEN\DEBUG\GOAL_MOVETOPOSITION.ASM
C:\USERS\LUCAS\DESKTOP\JOGOS - GAME AI BY EXAMPLE\BLUCKLAND_SOURCECODE - NEW VERSION\VS2010\RAVEN_GAME\BUCKLAND_CHAPTER7 TO 10_RAVEN\DEBUG\GOAL_MOVETOPOSITION.OBJ
C:\USERS\LUCAS\DESKTOP\JOGOS - GAME AI BY EXAMPLE\BLUCKLAND_SOURCECODE - NEW VERSION\VS2010\RAVEN_GAME\BUCKLAND_CHAPTER7 TO 10_RAVEN\DEBUG\GOAL_MOVETOPOSITION.SBR
C:\USERS\LUCAS\DESKTOP\JOGOS - GAME AI BY EXAMPLE\BLUCKLAND_SOURCECODE - NEW VERSION\VS2010\RAVEN_GAME\BUCKLAND_CHAPTER7 TO 10_RAVEN\DEBUG\GOAL_NEGOTIATEDOOR.ASM
C:\USERS\LUCAS\DESKTOP\JOGOS - GAME AI BY EXAMPLE\BLUCKLAND_SOURCECODE - NEW VERSION\VS2010\RAVEN_GAME\BUCKLAND_CHAPTER7 TO 10_RAVEN\DEBUG\GOAL_NEGOTIATEDOOR.OBJ
C:\USERS\LUCAS\DESKTOP\JOGOS - GAME AI BY EXAMPLE\BLUCKLAND_SOURCECODE - NEW VERSION\VS2010\RAVEN_GAME\BUCKLAND_CHAPTER7 TO 10_RAVEN\DEBUG\GOAL_NEGOTIATEDOOR.SBR
C:\USERS\LUCAS\DESKTOP\JOGOS - GAME AI BY EXAMPLE\BLUCKLAND_SOURCECODE - NEW VERSION\VS2010\RAVEN_GAME\BUCKLAND_CHAPTER7 TO 10_RAVEN\DEBUG\GOAL_SAYPHRASE.ASM
C:\USERS\LUCAS\DESKTOP\JOGOS - GAME AI BY EXAMPLE\BLUCKLAND_SOURCECODE - NEW VERSION\VS2010\RAVEN_GAME\BUCKLAND_CHAPTER7 TO 10_RAVEN\DEBUG\GOAL_SAYPHRASE.OBJ
C:\USERS\LUCAS\DESKTOP\JOGOS - GAME AI BY EXAMPLE\BLUCKLAND_SOURCECODE - NEW VERSION\VS2010\RAVEN_GAME\BUCKLAND_CHAPTER7 TO 10_RAVEN\DEBUG\GOAL_SAYPHRASE.SBR
C:\USERS\LUCAS\DESKTOP\JOGOS - GAME AI BY EXAMPLE\BLUCKLAND_SOURCECODE - NEW VERSION\VS2010\RAVEN_GAME\BUCKLAND_CHAPTER7 TO 10_RAVEN\DEBUG\GOAL_SEEKTOPOSITION.ASM
C:\USERS\LUCAS\DESKTOP\JOGOS - GAME AI BY EXAMPLE\BLUCKLAND_SOURCECODE - NEW VERSION\VS2010\RAVEN_GAME\BUCKLAND_CHAPTER7 TO 10_RAVEN\DEBUG\GOAL_SEEKTOPOSITION.OBJ
C:\USERS\LUCAS\DESKTOP\JOGOS - GAME AI BY EXAMPLE\BLUCKLAND_SOURCECODE - NEW VERSION\VS2010\RAVEN_GAME\BUCKLAND_CHAPTER7 TO 10_RAVEN\DEBUG\GOAL_SEEKTOPOSITION.SBR
C:\USERS\LUCAS\DESKTOP\JOGOS - GAME AI BY EXAMPLE\BLUCKLAND_SOURCECODE - NEW VERSION\VS2010\RAVEN_GAME\BUCKLAND_CHAPTER7 TO 10_RAVEN\DEBUG\GOAL_THINK.ASM
C:\USERS\LUCAS\DESKTOP\JOGOS - GAME AI BY EXAMPLE\BLUCKLAND_SOURCECODE - NEW VERSION\VS2010\RAVEN_GAME\BUCKLAND_CHAPTER7 TO 10_RAVEN\DEBUG\GOAL_THINK.OBJ
C:\USERS\LUCAS\DESKTOP\JOGOS - GAME AI BY EXAMPLE\BLUCKLAND_SOURCECODE - NEW VERSION\VS2010\RAVEN_GAME\BUCKLAND_CHAPTER7 TO 10_RAVEN\DEBUG\GOAL_THINK.SBR
C:\USERS\LUCAS\DESKTOP\JOGOS - GAME AI BY EXAMPLE\BLUCKLAND_SOURCECODE - NEW VERSION\VS2010\RAVEN_GAME\BUCKLAND_CHAPTER7 TO 10_RAVEN\DEBUG\GOAL_THINK_PLUS.ASM
C:\USERS\LUCAS\DESKTOP\JOGOS - GAME AI BY EXAMPLE\BLUCKLAND_SOURCECODE - NEW VERSION\VS2010\RAVEN_GAME\BUCKLAND_CHAPTER7 TO 10_RAVEN\DEBUG\GOAL_THINK_PLUS.OBJ
C:\USERS\LUCAS\DESKTOP\JOGOS - GAME AI BY EXAMPLE\BLUCKLAND_SOURCECODE - NEW VERSION\VS2010\RAVEN_GAME\BUCKLAND_CHAPTER7 TO 10_RAVEN\DEBUG\GOAL_THINK_PLUS.SBR
C:\USERS\LUCAS\DESKTOP\JOGOS - GAME AI BY EXAMPLE\BLUCKLAND_SOURCECODE - NEW VERSION\VS2010\RAVEN_GAME\BUCKLAND_CHAPTER7 TO 10_RAVEN\DEBUG\GOAL_TRAVERSEEDGE.ASM
C:\USERS\LUCAS\DESKTOP\JOGOS - GAME AI BY EXAMPLE\BLUCKLAND_SOURCECODE - NEW VERSION\VS2010\RAVEN_GAME\BUCKLAND_CHAPTER7 TO 10_RAVEN\DEBUG\GOAL_TRAVERSEEDGE.OBJ
C:\USERS\LUCAS\DESKTOP\JOGOS - GAME AI BY EXAMPLE\BLUCKLAND_SOURCECODE - NEW VERSION\VS2010\RAVEN_GAME\BUCKLAND_CHAPTER7 TO 10_RAVEN\DEBUG\GOAL_TRAVERSEEDGE.SBR
C:\USERS\LUCAS\DESKTOP\JOGOS - GAME AI BY EXAMPLE\BLUCKLAND_SOURCECODE - NEW VERSION\VS2010\RAVEN_GAME\BUCKLAND_CHAPTER7 TO 10_RAVEN\DEBUG\GOAL_WANDER.ASM
C:\USERS\LUCAS\DESKTOP\JOGOS - GAME AI BY EXAMPLE\BLUCKLAND_SOURCECODE - NEW VERSION\VS2010\RAVEN_GAME\BUCKLAND_CHAPTER7 TO 10_RAVEN\DEBUG\GOAL_WANDER.OBJ
C:\USERS\LUCAS\DESKTOP\JOGOS - GAME AI BY EXAMPLE\BLUCKLAND_SOURCECODE - NEW VERSION\VS2010\RAVEN_GAME\BUCKLAND_CHAPTER7 TO 10_RAVEN\DEBUG\GOAL_WANDER.SBR
C:\USERS\LUCAS\DESKTOP\JOGOS - GAME AI BY EXAMPLE\BLUCKLAND_SOURCECODE - NEW VERSION\VS2010\RAVEN_GAME\BUCKLAND_CHAPTER7 TO 10_RAVEN\DEBUG\GRAVEMARKERS.ASM
C:\USERS\LUCAS\DESKTOP\JOGOS - GAME AI BY EXAMPLE\BLUCKLAND_SOURCECODE - NEW VERSION\VS2010\RAVEN_GAME\BUCKLAND_CHAPTER7 TO 10_RAVEN\DEBUG\GRAVEMARKERS.OBJ
C:\USERS\LUCAS\DESKTOP\JOGOS - GAME AI BY EXAMPLE\BLUCKLAND_SOURCECODE - NEW VERSION\VS2010\RAVEN_GAME\BUCKLAND_CHAPTER7 TO 10_RAVEN\DEBUG\GRAVEMARKERS.SBR
C:\USERS\LUCAS\DESKTOP\JOGOS - GAME AI BY EXAMPLE\BLUCKLAND_SOURCECODE - NEW VERSION\VS2010\RAVEN_GAME\BUCKLAND_CHAPTER7 TO 10_RAVEN\DEBUG\MAIN.ASM
C:\USERS\LUCAS\DESKTOP\JOGOS - GAME AI BY EXAMPLE\BLUCKLAND_SOURCECODE - NEW VERSION\VS2010\RAVEN_GAME\BUCKLAND_CHAPTER7 TO 10_RAVEN\DEBUG\MAIN.OBJ
C:\USERS\LUCAS\DESKTOP\JOGOS - GAME AI BY EXAMPLE\BLUCKLAND_SOURCECODE - NEW VERSION\VS2010\RAVEN_GAME\BUCKLAND_CHAPTER7 TO 10_RAVEN\DEBUG\MAIN.SBR
C:\USERS\LUCAS\DESKTOP\JOGOS - GAME AI BY EXAMPLE\BLUCKLAND_SOURCECODE - NEW VERSION\VS2010\RAVEN_GAME\BUCKLAND_CHAPTER7 TO 10_RAVEN\DEBUG\MESSAGEDISPATCHER.ASM
C:\USERS\LUCAS\DESKTOP\JOGOS - GAME AI BY EXAMPLE\BLUCKLAND_SOURCECODE - NEW VERSION\VS2010\RAVEN_GAME\BUCKLAND_CHAPTER7 TO 10_RAVEN\DEBUG\MESSAGEDISPATCHER.OBJ
C:\USERS\LUCAS\DESKTOP\JOGOS - GAME AI BY EXAMPLE\BLUCKLAND_SOURCECODE - NEW VERSION\VS2010\RAVEN_GAME\BUCKLAND_CHAPTER7 TO 10_RAVEN\DEBUG\MESSAGEDISPATCHER.SBR
C:\USERS\LUCAS\DESKTOP\JOGOS - GAME AI BY EXAMPLE\BLUCKLAND_SOURCECODE - NEW VERSION\VS2010\RAVEN_GAME\BUCKLAND_CHAPTER7 TO 10_RAVEN\DEBUG\PRECISIONTIMER.ASM
C:\USERS\LUCAS\DESKTOP\JOGOS - GAME AI BY EXAMPLE\BLUCKLAND_SOURCECODE - NEW VERSION\VS2010\RAVEN_GAME\BUCKLAND_CHAPTER7 TO 10_RAVEN\DEBUG\PRECISIONTIMER.OBJ
C:\USERS\LUCAS\DESKTOP\JOGOS - GAME AI BY EXAMPLE\BLUCKLAND_SOURCECODE - NEW VERSION\VS2010\RAVEN_GAME\BUCKLAND_CHAPTER7 TO 10_RAVEN\DEBUG\PRECISIONTIMER.SBR
C:\USERS\LUCAS\DESKTOP\JOGOS - GAME AI BY EXAMPLE\BLUCKLAND_SOURCECODE - NEW VERSION\VS2010\RAVEN_GAME\BUCKLAND_CHAPTER7 TO 10_RAVEN\DEBUG\PROJECTILE_BOLT.ASM
C:\USERS\LUCAS\DESKTOP\JOGOS - GAME AI BY EXAMPLE\BLUCKLAND_SOURCECODE - NEW VERSION\VS2010\RAVEN_GAME\BUCKLAND_CHAPTER7 TO 10_RAVEN\DEBUG\PROJECTILE_BOLT.OBJ
C:\USERS\LUCAS\DESKTOP\JOGOS - GAME AI BY EXAMPLE\BLUCKLAND_SOURCECODE - NEW VERSION\VS2010\RAVEN_GAME\BUCKLAND_CHAPTER7 TO 10_RAVEN\DEBUG\PROJECTILE_BOLT.SBR
C:\USERS\LUCAS\DESKTOP\JOGOS - GAME AI BY EXAMPLE\BLUCKLAND_SOURCECODE - NEW VERSION\VS2010\RAVEN_GAME\BUCKLAND_CHAPTER7 TO 10_RAVEN\DEBUG\PROJECTILE_PELLET.ASM
C:\USERS\LUCAS\DESKTOP\JOGOS - GAME AI BY EXAMPLE\BLUCKLAND_SOURCECODE - NEW VERSION\VS2010\RAVEN_GAME\BUCKLAND_CHAPTER7 TO 10_RAVEN\DEBUG\PROJECTILE_PELLET.OBJ
C:\USERS\LUCAS\DESKTOP\JOGOS - GAME AI BY EXAMPLE\BLUCKLAND_SOURCECODE - NEW VERSION\VS2010\RAVEN_GAME\BUCKLAND_CHAPTER7 TO 10_RAVEN\DEBUG\PROJECTILE_PELLET.SBR
C:\USERS\LUCAS\DESKTOP\JOGOS - GAME AI BY EXAMPLE\BLUCKLAND_SOURCECODE - NEW VERSION\VS2010\RAVEN_GAME\BUCKLAND_CHAPTER7 TO 10_RAVEN\DEBUG\PROJECTILE_ROCKET.ASM
C:\USERS\LUCAS\DESKTOP\JOGOS - GAME AI BY EXAMPLE\BLUCKLAND_SOURCECODE - NEW VERSION\VS2010\RAVEN_GAME\BUCKLAND_CHAPTER7 TO 10_RAVEN\DEBUG\PROJECTILE_ROCKET.OBJ
C:\USERS\LUCAS\DESKTOP\JOGOS - GAME AI BY EXAMPLE\BLUCKLAND_SOURCECODE - NEW VERSION\VS2010\RAVEN_GAME\BUCKLAND_CHAPTER7 TO 10_RAVEN\DEBUG\PROJECTILE_ROCKET.SBR
C:\USERS\LUCAS\DESKTOP\JOGOS - GAME AI BY EXAMPLE\BLUCKLAND_SOURCECODE - NEW VERSION\VS2010\RAVEN_GAME\BUCKLAND_CHAPTER7 TO 10_RAVEN\DEBUG\PROJECTILE_SLUG.ASM
C:\USERS\LUCAS\DESKTOP\JOGOS - GAME AI BY EXAMPLE\BLUCKLAND_SOURCECODE - NEW VERSION\VS2010\RAVEN_GAME\BUCKLAND_CHAPTER7 TO 10_RAVEN\DEBUG\PROJECTILE_SLUG.OBJ
C:\USERS\LUCAS\DESKTOP\JOGOS - GAME AI BY EXAMPLE\BLUCKLAND_SOURCECODE - NEW VERSION\VS2010\RAVEN_GAME\BUCKLAND_CHAPTER7 TO 10_RAVEN\DEBUG\PROJECTILE_SLUG.SBR
C:\USERS\LUCAS\DESKTOP\JOGOS - GAME AI BY EXAMPLE\BLUCKLAND_SOURCECODE - NEW VERSION\VS2010\RAVEN_GAME\BUCKLAND_CHAPTER7 TO 10_RAVEN\DEBUG\RAVEN.BSC
C:\USERS\LUCAS\DESKTOP\JOGOS - GAME AI BY EXAMPLE\BLUCKLAND_SOURCECODE - NEW VERSION\VS2010\RAVEN_GAME\BUCKLAND_CHAPTER7 TO 10_RAVEN\DEBUG\RAVEN.EXE
C:\USERS\LUCAS\DESKTOP\JOGOS - GAME AI BY EXAMPLE\BLUCKLAND_SOURCECODE - NEW VERSION\VS2010\RAVEN_GAME\BUCKLAND_CHAPTER7 TO 10_RAVEN\DEBUG\RAVEN.EXE.EMBED.MANIFEST.RES
C:\USERS\LUCAS\DESKTOP\JOGOS - GAME AI BY EXAMPLE\BLUCKLAND_SOURCECODE - NEW VERSION\VS2010\RAVEN_GAME\BUCKLAND_CHAPTER7 TO 10_RAVEN\DEBUG\RAVEN.EXE.INTERMEDIATE.MANIFEST
C:\USERS\LUCAS\DESKTOP\JOGOS - GAME AI BY EXAMPLE\BLUCKLAND_SOURCECODE - NEW VERSION\VS2010\RAVEN_GAME\BUCKLAND_CHAPTER7 TO 10_RAVEN\DEBUG\RAVEN.ILK
C:\USERS\LUCAS\DESKTOP\JOGOS - GAME AI BY EXAMPLE\BLUCKLAND_SOURCECODE - NEW VERSION\VS2010\RAVEN_GAME\BUCKLAND_CHAPTER7 TO 10_RAVEN\DEBUG\RAVEN.PDB
C:\USERS\LUCAS\DESKTOP\JOGOS - GAME AI BY EXAMPLE\BLUCKLAND_SOURCECODE - NEW VERSION\VS2010\RAVEN_GAME\BUCKLAND_CHAPTER7 TO 10_RAVEN\DEBUG\RAVEN_BOT.ASM
C:\USERS\LUCAS\DESKTOP\JOGOS - GAME AI BY EXAMPLE\BLUCKLAND_SOURCECODE - NEW VERSION\VS2010\RAVEN_GAME\BUCKLAND_CHAPTER7 TO 10_RAVEN\DEBUG\RAVEN_BOT.OBJ
C:\USERS\LUCAS\DESKTOP\JOGOS - GAME AI BY EXAMPLE\BLUCKLAND_SOURCECODE - NEW VERSION\VS2010\RAVEN_GAME\BUCKLAND_CHAPTER7 TO 10_RAVEN\DEBUG\RAVEN_BOT.SBR
C:\USERS\LUCAS\DESKTOP\JOGOS - GAME AI BY EXAMPLE\BLUCKLAND_SOURCECODE - NEW VERSION\VS2010\RAVEN_GAME\BUCKLAND_CHAPTER7 TO 10_RAVEN\DEBUG\RAVEN_BOT_PLUS.ASM
C:\USERS\LUCAS\DESKTOP\JOGOS - GAME AI BY EXAMPLE\BLUCKLAND_SOURCECODE - NEW VERSION\VS2010\RAVEN_GAME\BUCKLAND_CHAPTER7 TO 10_RAVEN\DEBUG\RAVEN_BOT_PLUS.OBJ
C:\USERS\LUCAS\DESKTOP\JOGOS - GAME AI BY EXAMPLE\BLUCKLAND_SOURCECODE - NEW VERSION\VS2010\RAVEN_GAME\BUCKLAND_CHAPTER7 TO 10_RAVEN\DEBUG\RAVEN_BOT_PLUS.SBR
C:\USERS\LUCAS\DESKTOP\JOGOS - GAME AI BY EXAMPLE\BLUCKLAND_SOURCECODE - NEW VERSION\VS2010\RAVEN_GAME\BUCKLAND_CHAPTER7 TO 10_RAVEN\DEBUG\RAVEN_DOOR.ASM
C:\USERS\LUCAS\DESKTOP\JOGOS - GAME AI BY EXAMPLE\BLUCKLAND_SOURCECODE - NEW VERSION\VS2010\RAVEN_GAME\BUCKLAND_CHAPTER7 TO 10_RAVEN\DEBUG\RAVEN_DOOR.OBJ
C:\USERS\LUCAS\DESKTOP\JOGOS - GAME AI BY EXAMPLE\BLUCKLAND_SOURCECODE - NEW VERSION\VS2010\RAVEN_GAME\BUCKLAND_CHAPTER7 TO 10_RAVEN\DEBUG\RAVEN_DOOR.SBR
C:\USERS\LUCAS\DESKTOP\JOGOS - GAME AI BY EXAMPLE\BLUCKLAND_SOURCECODE - NEW VERSION\VS2010\RAVEN_GAME\BUCKLAND_CHAPTER7 TO 10_RAVEN\DEBUG\RAVEN_FEATURE.ASM
C:\USERS\LUCAS\DESKTOP\JOGOS - GAME AI BY EXAMPLE\BLUCKLAND_SOURCECODE - NEW VERSION\VS2010\RAVEN_GAME\BUCKLAND_CHAPTER7 TO 10_RAVEN\DEBUG\RAVEN_FEATURE.OBJ
C:\USERS\LUCAS\DESKTOP\JOGOS - GAME AI BY EXAMPLE\BLUCKLAND_SOURCECODE - NEW VERSION\VS2010\RAVEN_GAME\BUCKLAND_CHAPTER7 TO 10_RAVEN\DEBUG\RAVEN_FEATURE.SBR
C:\USERS\LUCAS\DESKTOP\JOGOS - GAME AI BY EXAMPLE\BLUCKLAND_SOURCECODE - NEW VERSION\VS2010\RAVEN_GAME\BUCKLAND_CHAPTER7 TO 10_RAVEN\DEBUG\RAVEN_GAME.ASM
C:\USERS\LUCAS\DESKTOP\JOGOS - GAME AI BY EXAMPLE\BLUCKLAND_SOURCECODE - NEW VERSION\VS2010\RAVEN_GAME\BUCKLAND_CHAPTER7 TO 10_RAVEN\DEBUG\RAVEN_GAME.OBJ
C:\USERS\LUCAS\DESKTOP\JOGOS - GAME AI BY EXAMPLE\BLUCKLAND_SOURCECODE - NEW VERSION\VS2010\RAVEN_GAME\BUCKLAND_CHAPTER7 TO 10_RAVEN\DEBUG\RAVEN_GAME.SBR
C:\USERS\LUCAS\DESKTOP\JOGOS - GAME AI BY EXAMPLE\BLUCKLAND_SOURCECODE - NEW VERSION\VS2010\RAVEN_GAME\BUCKLAND_CHAPTER7 TO 10_RAVEN\DEBUG\RAVEN_GOAL_TYPES.ASM
C:\USERS\LUCAS\DESKTOP\JOGOS - GAME AI BY EXAMPLE\BLUCKLAND_SOURCECODE - NEW VERSION\VS2010\RAVEN_GAME\BUCKLAND_CHAPTER7 TO 10_RAVEN\DEBUG\RAVEN_GOAL_TYPES.OBJ
C:\USERS\LUCAS\DESKTOP\JOGOS - GAME AI BY EXAMPLE\BLUCKLAND_SOURCECODE - NEW VERSION\VS2010\RAVEN_GAME\BUCKLAND_CHAPTER7 TO 10_RAVEN\DEBUG\RAVEN_GOAL_TYPES.SBR
C:\USERS\LUCAS\DESKTOP\JOGOS - GAME AI BY EXAMPLE\BLUCKLAND_SOURCECODE - NEW VERSION\VS2010\RAVEN_GAME\BUCKLAND_CHAPTER7 TO 10_RAVEN\DEBUG\RAVEN_MAP.ASM
C:\USERS\LUCAS\DESKTOP\JOGOS - GAME AI BY EXAMPLE\BLUCKLAND_SOURCECODE - NEW VERSION\VS2010\RAVEN_GAME\BUCKLAND_CHAPTER7 TO 10_RAVEN\DEBUG\RAVEN_MAP.OBJ
C:\USERS\LUCAS\DESKTOP\JOGOS - GAME AI BY EXAMPLE\BLUCKLAND_SOURCECODE - NEW VERSION\VS2010\RAVEN_GAME\BUCKLAND_CHAPTER7 TO 10_RAVEN\DEBUG\RAVEN_MAP.SBR
C:\USERS\LUCAS\DESKTOP\JOGOS - GAME AI BY EXAMPLE\BLUCKLAND_SOURCECODE - NEW VERSION\VS2010\RAVEN_GAME\BUCKLAND_CHAPTER7 TO 10_RAVEN\DEBUG\RAVEN_PATHPLANNER.ASM
C:\USERS\LUCAS\DESKTOP\JOGOS - GAME AI BY EXAMPLE\BLUCKLAND_SOURCECODE - NEW VERSION\VS2010\RAVEN_GAME\BUCKLAND_CHAPTER7 TO 10_RAVEN\DEBUG\RAVEN_PATHPLANNER.OBJ
C:\USERS\LUCAS\DESKTOP\JOGOS - GAME AI BY EXAMPLE\BLUCKLAND_SOURCECODE - NEW VERSION\VS2010\RAVEN_GAME\BUCKLAND_CHAPTER7 TO 10_RAVEN\DEBUG\RAVEN_PATHPLANNER.SBR
C:\USERS\LUCAS\DESKTOP\JOGOS - GAME AI BY EXAMPLE\BLUCKLAND_SOURCECODE - NEW VERSION\VS2010\RAVEN_GAME\BUCKLAND_CHAPTER7 TO 10_RAVEN\DEBUG\RAVEN_PROJECTILE.ASM
C:\USERS\LUCAS\DESKTOP\JOGOS - GAME AI BY EXAMPLE\BLUCKLAND_SOURCECODE - NEW VERSION\VS2010\RAVEN_GAME\BUCKLAND_CHAPTER7 TO 10_RAVEN\DEBUG\RAVEN_PROJECTILE.OBJ
C:\USERS\LUCAS\DESKTOP\JOGOS - GAME AI BY EXAMPLE\BLUCKLAND_SOURCECODE - NEW VERSION\VS2010\RAVEN_GAME\BUCKLAND_CHAPTER7 TO 10_RAVEN\DEBUG\RAVEN_PROJECTILE.SBR
C:\USERS\LUCAS\DESKTOP\JOGOS - GAME AI BY EXAMPLE\BLUCKLAND_SOURCECODE - NEW VERSION\VS2010\RAVEN_GAME\BUCKLAND_CHAPTER7 TO 10_RAVEN\DEBUG\RAVEN_SCRIPTOR.ASM
C:\USERS\LUCAS\DESKTOP\JOGOS - GAME AI BY EXAMPLE\BLUCKLAND_SOURCECODE - NEW VERSION\VS2010\RAVEN_GAME\BUCKLAND_CHAPTER7 TO 10_RAVEN\DEBUG\RAVEN_SCRIPTOR.OBJ
C:\USERS\LUCAS\DESKTOP\JOGOS - GAME AI BY EXAMPLE\BLUCKLAND_SOURCECODE - NEW VERSION\VS2010\RAVEN_GAME\BUCKLAND_CHAPTER7 TO 10_RAVEN\DEBUG\RAVEN_SCRIPTOR.SBR
C:\USERS\LUCAS\DESKTOP\JOGOS - GAME AI BY EXAMPLE\BLUCKLAND_SOURCECODE - NEW VERSION\VS2010\RAVEN_GAME\BUCKLAND_CHAPTER7 TO 10_RAVEN\DEBUG\RAVEN_SENSORYMEMORY.ASM
C:\USERS\LUCAS\DESKTOP\JOGOS - GAME AI BY EXAMPLE\BLUCKLAND_SOURCECODE - NEW VERSION\VS2010\RAVEN_GAME\BUCKLAND_CHAPTER7 TO 10_RAVEN\DEBUG\RAVEN_SENSORYMEMORY.OBJ
C:\USERS\LUCAS\DESKTOP\JOGOS - GAME AI BY EXAMPLE\BLUCKLAND_SOURCECODE - NEW VERSION\VS2010\RAVEN_GAME\BUCKLAND_CHAPTER7 TO 10_RAVEN\DEBUG\RAVEN_SENSORYMEMORY.SBR
C:\USERS\LUCAS\DESKTOP\JOGOS - GAME AI BY EXAMPLE\BLUCKLAND_SOURCECODE - NEW VERSION\VS2010\RAVEN_GAME\BUCKLAND_CHAPTER7 TO 10_RAVEN\DEBUG\RAVEN_STEERINGBEHAVIORS.ASM
C:\USERS\LUCAS\DESKTOP\JOGOS - GAME AI BY EXAMPLE\BLUCKLAND_SOURCECODE - NEW VERSION\VS2010\RAVEN_GAME\BUCKLAND_CHAPTER7 TO 10_RAVEN\DEBUG\RAVEN_STEERINGBEHAVIORS.OBJ
C:\USERS\LUCAS\DESKTOP\JOGOS - GAME AI BY EXAMPLE\BLUCKLAND_SOURCECODE - NEW VERSION\VS2010\RAVEN_GAME\BUCKLAND_CHAPTER7 TO 10_RAVEN\DEBUG\RAVEN_STEERINGBEHAVIORS.SBR
C:\USERS\LUCAS\DESKTOP\JOGOS - GAME AI BY EXAMPLE\BLUCKLAND_SOURCECODE - NEW VERSION\VS2010\RAVEN_GAME\BUCKLAND_CHAPTER7 TO 10_RAVEN\DEBUG\RAVEN_TARGETINGSYSTEM.ASM
C:\USERS\LUCAS\DESKTOP\JOGOS - GAME AI BY EXAMPLE\BLUCKLAND_SOURCECODE - NEW VERSION\VS2010\RAVEN_GAME\BUCKLAND_CHAPTER7 TO 10_RAVEN\DEBUG\RAVEN_TARGETINGSYSTEM.OBJ
C:\USERS\LUCAS\DESKTOP\JOGOS - GAME AI BY EXAMPLE\BLUCKLAND_SOURCECODE - NEW VERSION\VS2010\RAVEN_GAME\BUCKLAND_CHAPTER7 TO 10_RAVEN\DEBUG\RAVEN_TARGETINGSYSTEM.SBR
C:\USERS\LUCAS\DESKTOP\JOGOS - GAME AI BY EXAMPLE\BLUCKLAND_SOURCECODE - NEW VERSION\VS2010\RAVEN_GAME\BUCKLAND_CHAPTER7 TO 10_RAVEN\DEBUG\RAVEN_USEROPTIONS.ASM
C:\USERS\LUCAS\DESKTOP\JOGOS - GAME AI BY EXAMPLE\BLUCKLAND_SOURCECODE - NEW VERSION\VS2010\RAVEN_GAME\BUCKLAND_CHAPTER7 TO 10_RAVEN\DEBUG\RAVEN_USEROPTIONS.OBJ
C:\USERS\LUCAS\DESKTOP\JOGOS - GAME AI BY EXAMPLE\BLUCKLAND_SOURCECODE - NEW VERSION\VS2010\RAVEN_GAME\BUCKLAND_CHAPTER7 TO 10_RAVEN\DEBUG\RAVEN_USEROPTIONS.SBR
C:\USERS\LUCAS\DESKTOP\JOGOS - GAME AI BY EXAMPLE\BLUCKLAND_SOURCECODE - NEW VERSION\VS2010\RAVEN_GAME\BUCKLAND_CHAPTER7 TO 10_RAVEN\DEBUG\RAVEN_WEAPON.ASM
C:\USERS\LUCAS\DESKTOP\JOGOS - GAME AI BY EXAMPLE\BLUCKLAND_SOURCECODE - NEW VERSION\VS2010\RAVEN_GAME\BUCKLAND_CHAPTER7 TO 10_RAVEN\DEBUG\RAVEN_WEAPON.OBJ
C:\USERS\LUCAS\DESKTOP\JOGOS - GAME AI BY EXAMPLE\BLUCKLAND_SOURCECODE - NEW VERSION\VS2010\RAVEN_GAME\BUCKLAND_CHAPTER7 TO 10_RAVEN\DEBUG\RAVEN_WEAPON.SBR
C:\USERS\LUCAS\DESKTOP\JOGOS - GAME AI BY EXAMPLE\BLUCKLAND_SOURCECODE - NEW VERSION\VS2010\RAVEN_GAME\BUCKLAND_CHAPTER7 TO 10_RAVEN\DEBUG\RAVEN_WEAPONSYSTEM.ASM
C:\USERS\LUCAS\DESKTOP\JOGOS - GAME AI BY EXAMPLE\BLUCKLAND_SOURCECODE - NEW VERSION\VS2010\RAVEN_GAME\BUCKLAND_CHAPTER7 TO 10_RAVEN\DEBUG\RAVEN_WEAPONSYSTEM.OBJ
C:\USERS\LUCAS\DESKTOP\JOGOS - GAME AI BY EXAMPLE\BLUCKLAND_SOURCECODE - NEW VERSION\VS2010\RAVEN_GAME\BUCKLAND_CHAPTER7 TO 10_RAVEN\DEBUG\RAVEN_WEAPONSYSTEM.SBR
C:\USERS\LUCAS\DESKTOP\JOGOS - GAME AI BY EXAMPLE\BLUCKLAND_SOURCECODE - NEW VERSION\VS2010\RAVEN_GAME\BUCKLAND_CHAPTER7 TO 10_RAVEN\DEBUG\SCRIPT1.RES
C:\USERS\LUCAS\DESKTOP\JOGOS - GAME AI BY EXAMPLE\BLUCKLAND_SOURCECODE - NEW VERSION\VS2010\RAVEN_GAME\BUCKLAND_CHAPTER7 TO 10_RAVEN\DEBUG\TRIGGER_HEALTHGIVER.ASM
C:\USERS\LUCAS\DESKTOP\JOGOS - GAME AI BY EXAMPLE\BLUCKLAND_SOURCECODE - NEW VERSION\VS2010\RAVEN_GAME\BUCKLAND_CHAPTER7 TO 10_RAVEN\DEBUG\TRIGGER_HEALTHGIVER.OBJ
C:\USERS\LUCAS\DESKTOP\JOGOS - GAME AI BY EXAMPLE\BLUCKLAND_SOURCECODE - NEW VERSION\VS2010\RAVEN_GAME\BUCKLAND_CHAPTER7 TO 10_RAVEN\DEBUG\TRIGGER_HEALTHGIVER.SBR
C:\USERS\LUCAS\DESKTOP\JOGOS - GAME AI BY EXAMPLE\BLUCKLAND_SOURCECODE - NEW VERSION\VS2010\RAVEN_GAME\BUCKLAND_CHAPTER7 TO 10_RAVEN\DEBUG\TRIGGER_SOUNDNOTIFY.ASM
C:\USERS\LUCAS\DESKTOP\JOGOS - GAME AI BY EXAMPLE\BLUCKLAND_SOURCECODE - NEW VERSION\VS2010\RAVEN_GAME\BUCKLAND_CHAPTER7 TO 10_RAVEN\DEBUG\TRIGGER_SOUNDNOTIFY.OBJ
C:\USERS\LUCAS\DESKTOP\JOGOS - GAME AI BY EXAMPLE\BLUCKLAND_SOURCECODE - NEW VERSION\VS2010\RAVEN_GAME\BUCKLAND_CHAPTER7 TO 10_RAVEN\DEBUG\TRIGGER_SOUNDNOTIFY.SBR
C:\USERS\LUCAS\DESKTOP\JOGOS - GAME AI BY EXAMPLE\BLUCKLAND_SOURCECODE - NEW VERSION\VS2010\RAVEN_GAME\BUCKLAND_CHAPTER7 TO 10_RAVEN\DEBUG\TRIGGER_WEAPONGIVER.ASM
C:\USERS\LUCAS\DESKTOP\JOGOS - GAME AI BY EXAMPLE\BLUCKLAND_SOURCECODE - NEW VERSION\VS2010\RAVEN_GAME\BUCKLAND_CHAPTER7 TO 10_RAVEN\DEBUG\TRIGGER_WEAPONGIVER.OBJ
C:\USERS\LUCAS\DESKTOP\JOGOS - GAME AI BY EXAMPLE\BLUCKLAND_SOURCECODE - NEW VERSION\VS2010\RAVEN_GAME\BUCKLAND_CHAPTER7 TO 10_RAVEN\DEBUG\TRIGGER_WEAPONGIVER.SBR
C:\USERS\LUCAS\DESKTOP\JOGOS - GAME AI BY EXAMPLE\BLUCKLAND_SOURCECODE - NEW VERSION\VS2010\RAVEN_GAME\BUCKLAND_CHAPTER7 TO 10_RAVEN\DEBUG\VC100.PDB
C:\USERS\LUCAS\DESKTOP\JOGOS - GAME AI BY EXAMPLE\BLUCKLAND_SOURCECODE - NEW VERSION\VS2010\RAVEN_GAME\BUCKLAND_CHAPTER7 TO 10_RAVEN\DEBUG\VECTOR2D.ASM
C:\USERS\LUCAS\DESKTOP\JOGOS - GAME AI BY EXAMPLE\BLUCKLAND_SOURCECODE - NEW VERSION\VS2010\RAVEN_GAME\BUCKLAND_CHAPTER7 TO 10_RAVEN\DEBUG\VECTOR2D.OBJ
C:\USERS\LUCAS\DESKTOP\JOGOS - GAME AI BY EXAMPLE\BLUCKLAND_SOURCECODE - NEW VERSION\VS2010\RAVEN_GAME\BUCKLAND_CHAPTER7 TO 10_RAVEN\DEBUG\VECTOR2D.SBR
C:\USERS\LUCAS\DESKTOP\JOGOS - GAME AI BY EXAMPLE\BLUCKLAND_SOURCECODE - NEW VERSION\VS2010\RAVEN_GAME\BUCKLAND_CHAPTER7 TO 10_RAVEN\DEBUG\WEAPON_BLASTER.ASM
C:\USERS\LUCAS\DESKTOP\JOGOS - GAME AI BY EXAMPLE\BLUCKLAND_SOURCECODE - NEW VERSION\VS2010\RAVEN_GAME\BUCKLAND_CHAPTER7 TO 10_RAVEN\DEBUG\WEAPON_BLASTER.OBJ
C:\USERS\LUCAS\DESKTOP\JOGOS - GAME AI BY EXAMPLE\BLUCKLAND_SOURCECODE - NEW VERSION\VS2010\RAVEN_GAME\BUCKLAND_CHAPTER7 TO 10_RAVEN\DEBUG\WEAPON_BLASTER.SBR
C:\USERS\LUCAS\DESKTOP\JOGOS - GAME AI BY EXAMPLE\BLUCKLAND_SOURCECODE - NEW VERSION\VS2010\RAVEN_GAME\BUCKLAND_CHAPTER7 TO 10_RAVEN\DEBUG\WEAPON_RAILGUN.ASM
C:\USERS\LUCAS\DESKTOP\JOGOS - GAME AI BY EXAMPLE\BLUCKLAND_SOURCECODE - NEW VERSION\VS2010\RAVEN_GAME\BUCKLAND_CHAPTER7 TO 10_RAVEN\DEBUG\WEAPON_RAILGUN.OBJ
C:\USERS\LUCAS\DESKTOP\JOGOS - GAME AI BY EXAMPLE\BLUCKLAND_SOURCECODE - NEW VERSION\VS2010\RAVEN_GAME\BUCKLAND_CHAPTER7 TO 10_RAVEN\DEBUG\WEAPON_RAILGUN.SBR
C:\USERS\LUCAS\DESKTOP\JOGOS - GAME AI BY EXAMPLE\BLUCKLAND_SOURCECODE - NEW VERSION\VS2010\RAVEN_GAME\BUCKLAND_CHAPTER7 TO 10_RAVEN\DEBUG\WEAPON_ROCKETLAUNCHER.ASM
C:\USERS\LUCAS\DESKTOP\JOGOS - GAME AI BY EXAMPLE\BLUCKLAND_SOURCECODE - NEW VERSION\VS2010\RAVEN_GAME\BUCKLAND_CHAPTER7 TO 10_RAVEN\DEBUG\WEAPON_ROCKETLAUNCHER.OBJ
C:\USERS\LUCAS\DESKTOP\JOGOS - GAME AI BY EXAMPLE\BLUCKLAND_SOURCECODE - NEW VERSION\VS2010\RAVEN_GAME\BUCKLAND_CHAPTER7 TO 10_RAVEN\DEBUG\WEAPON_ROCKETLAUNCHER.SBR
C:\USERS\LUCAS\DESKTOP\JOGOS - GAME AI BY EXAMPLE\BLUCKLAND_SOURCECODE - NEW VERSION\VS2010\RAVEN_GAME\BUCKLAND_CHAPTER7 TO 10_RAVEN\DEBUG\WEAPON_SHOTGUN.ASM
C:\USERS\LUCAS\DESKTOP\JOGOS - GAME AI BY EXAMPLE\BLUCKLAND_SOURCECODE - NEW VERSION\VS2010\RAVEN_GAME\BUCKLAND_CHAPTER7 TO 10_RAVEN\DEBUG\WEAPON_SHOTGUN.OBJ
C:\USERS\LUCAS\DESKTOP\JOGOS - GAME AI BY EXAMPLE\BLUCKLAND_SOURCECODE - NEW VERSION\VS2010\RAVEN_GAME\BUCKLAND_CHAPTER7 TO 10_RAVEN\DEBUG\WEAPON_SHOTGUN.SBR
C:\USERS\LUCAS\DESKTOP\JOGOS - GAME AI BY EXAMPLE\BLUCKLAND_SOURCECODE - NEW VERSION\VS2010\RAVEN_GAME\BUCKLAND_CHAPTER7 TO 10_RAVEN\DEBUG\WINDOWUTILS.ASM
C:\USERS\LUCAS\DESKTOP\JOGOS - GAME AI BY EXAMPLE\BLUCKLAND_SOURCECODE - NEW VERSION\VS2010\RAVEN_GAME\BUCKLAND_CHAPTER7 TO 10_RAVEN\DEBUG\WINDOWUTILS.OBJ
C:\USERS\LUCAS\DESKTOP\JOGOS - GAME AI BY EXAMPLE\BLUCKLAND_SOURCECODE - NEW VERSION\VS2010\RAVEN_GAME\BUCKLAND_CHAPTER7 TO 10_RAVEN\DEBUG\WINDOWUTILS.SBR
C:\Users\Lucas\Desktop\jogos - game ai by example\Raven_Game\Buckland_Chapter7 to 10_Raven\.\Debug\Raven.exe
C:\Users\Lucas\Desktop\jogos - game ai by example\Raven_Game\Buckland_Chapter7 to 10_Raven\.\Debug\Raven.exe.intermediate.manifest
C:\USERS\LUCAS\DESKTOP\JOGOS - GAME AI BY EXAMPLE\RAVEN_GAME\BUCKLAND_CHAPTER7 TO 10_RAVEN\DEBUG\ATTACKTARGETGOAL_EVALUATOR.ASM
C:\USERS\LUCAS\DESKTOP\JOGOS - GAME AI BY EXAMPLE\RAVEN_GAME\BUCKLAND_CHAPTER7 TO 10_RAVEN\DEBUG\ATTACKTARGETGOAL_EVALUATOR.OBJ
C:\USERS\LUCAS\DESKTOP\JOGOS - GAME AI BY EXAMPLE\RAVEN_GAME\BUCKLAND_CHAPTER7 TO 10_RAVEN\DEBUG\ATTACKTARGETGOAL_EVALUATOR.SBR
C:\USERS\LUCAS\DESKTOP\JOGOS - GAME AI BY EXAMPLE\RAVEN_GAME\BUCKLAND_CHAPTER7 TO 10_RAVEN\DEBUG\BASEGAMEENTITY.ASM
C:\USERS\LUCAS\DESKTOP\JOGOS - GAME AI BY EXAMPLE\RAVEN_GAME\BUCKLAND_CHAPTER7 TO 10_RAVEN\DEBUG\BASEGAMEENTITY.OBJ
C:\USERS\LUCAS\DESKTOP\JOGOS - GAME AI BY EXAMPLE\RAVEN_GAME\BUCKLAND_CHAPTER7 TO 10_RAVEN\DEBUG\BASEGAMEENTITY.SBR
C:\Users\Lucas\Desktop\jogos - game ai by example\Raven_Game\Buckland_Chapter7 to 10_Raven\Debug\BscMake.command.1.tlog
C:\Users\Lucas\Desktop\jogos - game ai by example\Raven_Game\Buckland_Chapter7 to 10_Raven\Debug\bscmake.read.1.tlog
C:\Users\Lucas\Desktop\jogos - game ai by example\Raven_Game\Buckland_Chapter7 to 10_Raven\Debug\bscmake.write.1.tlog
C:\USERS\LUCAS\DESKTOP\JOGOS - GAME AI BY EXAMPLE\RAVEN_GAME\BUCKLAND_CHAPTER7 TO 10_RAVEN\DEBUG\CGDI.ASM
C:\USERS\LUCAS\DESKTOP\JOGOS - GAME AI BY EXAMPLE\RAVEN_GAME\BUCKLAND_CHAPTER7 TO 10_RAVEN\DEBUG\CGDI.OBJ
C:\USERS\LUCAS\DESKTOP\JOGOS - GAME AI BY EXAMPLE\RAVEN_GAME\BUCKLAND_CHAPTER7 TO 10_RAVEN\DEBUG\CGDI.SBR
C:\Users\Lucas\Desktop\jogos - game ai by example\Raven_Game\Buckland_Chapter7 to 10_Raven\Debug\cl.command.1.tlog
C:\Users\Lucas\Desktop\jogos - game ai by example\Raven_Game\Buckland_Chapter7 to 10_Raven\Debug\CL.read.1.tlog
C:\Users\Lucas\Desktop\jogos - game ai by example\Raven_Game\Buckland_Chapter7 to 10_Raven\Debug\CL.write.1.tlog
C:\USERS\LUCAS\DESKTOP\JOGOS - GAME AI BY EXAMPLE\RAVEN_GAME\BUCKLAND_CHAPTER7 TO 10_RAVEN\DEBUG\CRUDETIMER.ASM
C:\USERS\LUCAS\DESKTOP\JOGOS - GAME AI BY EXAMPLE\RAVEN_GAME\BUCKLAND_CHAPTER7 TO 10_RAVEN\DEBUG\CRUDETIMER.OBJ
C:\USERS\LUCAS\DESKTOP\JOGOS - GAME AI BY EXAMPLE\RAVEN_GAME\BUCKLAND_CHAPTER7 TO 10_RAVEN\DEBUG\CRUDETIMER.SBR
C:\USERS\LUCAS\DESKTOP\JOGOS - GAME AI BY EXAMPLE\RAVEN_GAME\BUCKLAND_CHAPTER7 TO 10_RAVEN\DEBUG\DEBUGCONSOLE.ASM
C:\USERS\LUCAS\DESKTOP\JOGOS - GAME AI BY EXAMPLE\RAVEN_GAME\BUCKLAND_CHAPTER7 TO 10_RAVEN\DEBUG\DEBUGCONSOLE.OBJ
C:\USERS\LUCAS\DESKTOP\JOGOS - GAME AI BY EXAMPLE\RAVEN_GAME\BUCKLAND_CHAPTER7 TO 10_RAVEN\DEBUG\DEBUGCONSOLE.SBR
C:\USERS\LUCAS\DESKTOP\JOGOS - GAME AI BY EXAMPLE\RAVEN_GAME\BUCKLAND_CHAPTER7 TO 10_RAVEN\DEBUG\ENTITYMANAGER.ASM
C:\USERS\LUCAS\DESKTOP\JOGOS - GAME AI BY EXAMPLE\RAVEN_GAME\BUCKLAND_CHAPTER7 TO 10_RAVEN\DEBUG\ENTITYMANAGER.OBJ
C:\USERS\LUCAS\DESKTOP\JOGOS - GAME AI BY EXAMPLE\RAVEN_GAME\BUCKLAND_CHAPTER7 TO 10_RAVEN\DEBUG\ENTITYMANAGER.SBR
C:\USERS\LUCAS\DESKTOP\JOGOS - GAME AI BY EXAMPLE\RAVEN_GAME\BUCKLAND_CHAPTER7 TO 10_RAVEN\DEBUG\EXPLOREGOAL_EVALUATOR.ASM
C:\USERS\LUCAS\DESKTOP\JOGOS - GAME AI BY EXAMPLE\RAVEN_GAME\BUCKLAND_CHAPTER7 TO 10_RAVEN\DEBUG\EXPLOREGOAL_EVALUATOR.OBJ
C:\USERS\LUCAS\DESKTOP\JOGOS - GAME AI BY EXAMPLE\RAVEN_GAME\BUCKLAND_CHAPTER7 TO 10_RAVEN\DEBUG\EXPLOREGOAL_EVALUATOR.SBR
C:\USERS\LUCAS\DESKTOP\JOGOS - GAME AI BY EXAMPLE\RAVEN_GAME\BUCKLAND_CHAPTER7 TO 10_RAVEN\DEBUG\FRAMECOUNTER.ASM
C:\USERS\LUCAS\DESKTOP\JOGOS - GAME AI BY EXAMPLE\RAVEN_GAME\BUCKLAND_CHAPTER7 TO 10_RAVEN\DEBUG\FRAMECOUNTER.OBJ
C:\USERS\LUCAS\DESKTOP\JOGOS - GAME AI BY EXAMPLE\RAVEN_GAME\BUCKLAND_CHAPTER7 TO 10_RAVEN\DEBUG\FRAMECOUNTER.SBR
C:\USERS\LUCAS\DESKTOP\JOGOS - GAME AI BY EXAMPLE\RAVEN_GAME\BUCKLAND_CHAPTER7 TO 10_RAVEN\DEBUG\FUZZYMODULE.ASM
C:\USERS\LUCAS\DESKTOP\JOGOS - GAME AI BY EXAMPLE\RAVEN_GAME\BUCKLAND_CHAPTER7 TO 10_RAVEN\DEBUG\FUZZYMODULE.OBJ
C:\USERS\LUCAS\DESKTOP\JOGOS - GAME AI BY EXAMPLE\RAVEN_GAME\BUCKLAND_CHAPTER7 TO 10_RAVEN\DEBUG\FUZZYMODULE.SBR
C:\USERS\LUCAS\DESKTOP\JOGOS - GAME AI BY EXAMPLE\RAVEN_GAME\BUCKLAND_CHAPTER7 TO 10_RAVEN\DEBUG\FUZZYOPERATORS.ASM
C:\USERS\LUCAS\DESKTOP\JOGOS - GAME AI BY EXAMPLE\RAVEN_GAME\BUCKLAND_CHAPTER7 TO 10_RAVEN\DEBUG\FUZZYOPERATORS.OBJ
C:\USERS\LUCAS\DESKTOP\JOGOS - GAME AI BY EXAMPLE\RAVEN_GAME\BUCKLAND_CHAPTER7 TO 10_RAVEN\DEBUG\FUZZYOPERATORS.SBR
C:\USERS\LUCAS\DESKTOP\JOGOS - GAME AI BY EXAMPLE\RAVEN_GAME\BUCKLAND_CHAPTER7 TO 10_RAVEN\DEBUG\FUZZYSET_LEFTSHOULDER.ASM
C:\USERS\LUCAS\DESKTOP\JOGOS - GAME AI BY EXAMPLE\RAVEN_GAME\BUCKLAND_CHAPTER7 TO 10_RAVEN\DEBUG\FUZZYSET_LEFTSHOULDER.OBJ
C:\USERS\LUCAS\DESKTOP\JOGOS - GAME AI BY EXAMPLE\RAVEN_GAME\BUCKLAND_CHAPTER7 TO 10_RAVEN\DEBUG\FUZZYSET_LEFTSHOULDER.SBR
C:\USERS\LUCAS\DESKTOP\JOGOS - GAME AI BY EXAMPLE\RAVEN_GAME\BUCKLAND_CHAPTER7 TO 10_RAVEN\DEBUG\FUZZYSET_RIGHTSHOULDER.ASM
C:\USERS\LUCAS\DESKTOP\JOGOS - GAME AI BY EXAMPLE\RAVEN_GAME\BUCKLAND_CHAPTER7 TO 10_RAVEN\DEBUG\FUZZYSET_RIGHTSHOULDER.OBJ
C:\USERS\LUCAS\DESKTOP\JOGOS - GAME AI BY EXAMPLE\RAVEN_GAME\BUCKLAND_CHAPTER7 TO 10_RAVEN\DEBUG\FUZZYSET_RIGHTSHOULDER.SBR
C:\USERS\LUCAS\DESKTOP\JOGOS - GAME AI BY EXAMPLE\RAVEN_GAME\BUCKLAND_CHAPTER7 TO 10_RAVEN\DEBUG\FUZZYSET_SINGLETON.ASM
C:\USERS\LUCAS\DESKTOP\JOGOS - GAME AI BY EXAMPLE\RAVEN_GAME\BUCKLAND_CHAPTER7 TO 10_RAVEN\DEBUG\FUZZYSET_SINGLETON.OBJ
C:\USERS\LUCAS\DESKTOP\JOGOS - GAME AI BY EXAMPLE\RAVEN_GAME\BUCKLAND_CHAPTER7 TO 10_RAVEN\DEBUG\FUZZYSET_SINGLETON.SBR
C:\USERS\LUCAS\DESKTOP\JOGOS - GAME AI BY EXAMPLE\RAVEN_GAME\BUCKLAND_CHAPTER7 TO 10_RAVEN\DEBUG\FUZZYSET_TRIANGLE.ASM
C:\USERS\LUCAS\DESKTOP\JOGOS - GAME AI BY EXAMPLE\RAVEN_GAME\BUCKLAND_CHAPTER7 TO 10_RAVEN\DEBUG\FUZZYSET_TRIANGLE.OBJ
C:\USERS\LUCAS\DESKTOP\JOGOS - GAME AI BY EXAMPLE\RAVEN_GAME\BUCKLAND_CHAPTER7 TO 10_RAVEN\DEBUG\FUZZYSET_TRIANGLE.SBR
C:\USERS\LUCAS\DESKTOP\JOGOS - GAME AI BY EXAMPLE\RAVEN_GAME\BUCKLAND_CHAPTER7 TO 10_RAVEN\DEBUG\FUZZYVARIABLE.ASM
C:\USERS\LUCAS\DESKTOP\JOGOS - GAME AI BY EXAMPLE\RAVEN_GAME\BUCKLAND_CHAPTER7 TO 10_RAVEN\DEBUG\FUZZYVARIABLE.OBJ
C:\USERS\LUCAS\DESKTOP\JOGOS - GAME AI BY EXAMPLE\RAVEN_GAME\BUCKLAND_CHAPTER7 TO 10_RAVEN\DEBUG\FUZZYVARIABLE.SBR
C:\USERS\LUCAS\DESKTOP\JOGOS - GAME AI BY EXAMPLE\RAVEN_GAME\BUCKLAND_CHAPTER7 TO 10_RAVEN\DEBUG\GETHEALTHGOAL_EVALUATOR.ASM
C:\USERS\LUCAS\DESKTOP\JOGOS - GAME AI BY EXAMPLE\RAVEN_GAME\BUCKLAND_CHAPTER7 TO 10_RAVEN\DEBUG\GETHEALTHGOAL_EVALUATOR.OBJ
C:\USERS\LUCAS\DESKTOP\JOGOS - GAME AI BY EXAMPLE\RAVEN_GAME\BUCKLAND_CHAPTER7 TO 10_RAVEN\DEBUG\GETHEALTHGOAL_EVALUATOR.SBR
C:\USERS\LUCAS\DESKTOP\JOGOS - GAME AI BY EXAMPLE\RAVEN_GAME\BUCKLAND_CHAPTER7 TO 10_RAVEN\DEBUG\GETWEAPONGOAL_EVALUATOR.ASM
C:\USERS\LUCAS\DESKTOP\JOGOS - GAME AI BY EXAMPLE\RAVEN_GAME\BUCKLAND_CHAPTER7 TO 10_RAVEN\DEBUG\GETWEAPONGOAL_EVALUATOR.OBJ
C:\USERS\LUCAS\DESKTOP\JOGOS - GAME AI BY EXAMPLE\RAVEN_GAME\BUCKLAND_CHAPTER7 TO 10_RAVEN\DEBUG\GETWEAPONGOAL_EVALUATOR.SBR
C:\USERS\LUCAS\DESKTOP\JOGOS - GAME AI BY EXAMPLE\RAVEN_GAME\BUCKLAND_CHAPTER7 TO 10_RAVEN\DEBUG\GOAL_ADJUSTRANGE.ASM
C:\USERS\LUCAS\DESKTOP\JOGOS - GAME AI BY EXAMPLE\RAVEN_GAME\BUCKLAND_CHAPTER7 TO 10_RAVEN\DEBUG\GOAL_ADJUSTRANGE.OBJ
C:\USERS\LUCAS\DESKTOP\JOGOS - GAME AI BY EXAMPLE\RAVEN_GAME\BUCKLAND_CHAPTER7 TO 10_RAVEN\DEBUG\GOAL_ADJUSTRANGE.SBR
C:\USERS\LUCAS\DESKTOP\JOGOS - GAME AI BY EXAMPLE\RAVEN_GAME\BUCKLAND_CHAPTER7 TO 10_RAVEN\DEBUG\GOAL_ATTACKTARGET.ASM
C:\USERS\LUCAS\DESKTOP\JOGOS - GAME AI BY EXAMPLE\RAVEN_GAME\BUCKLAND_CHAPTER7 TO 10_RAVEN\DEBUG\GOAL_ATTACKTARGET.OBJ
C:\USERS\LUCAS\DESKTOP\JOGOS - GAME AI BY EXAMPLE\RAVEN_GAME\BUCKLAND_CHAPTER7 TO 10_RAVEN\DEBUG\GOAL_ATTACKTARGET.SBR
C:\USERS\LUCAS\DESKTOP\JOGOS - GAME AI BY EXAMPLE\RAVEN_GAME\BUCKLAND_CHAPTER7 TO 10_RAVEN\DEBUG\GOAL_DODGESIDETOSIDE.ASM
C:\USERS\LUCAS\DESKTOP\JOGOS - GAME AI BY EXAMPLE\RAVEN_GAME\BUCKLAND_CHAPTER7 TO 10_RAVEN\DEBUG\GOAL_DODGESIDETOSIDE.OBJ
C:\USERS\LUCAS\DESKTOP\JOGOS - GAME AI BY EXAMPLE\RAVEN_GAME\BUCKLAND_CHAPTER7 TO 10_RAVEN\DEBUG\GOAL_DODGESIDETOSIDE.SBR
C:\USERS\LUCAS\DESKTOP\JOGOS - GAME AI BY EXAMPLE\RAVEN_GAME\BUCKLAND_CHAPTER7 TO 10_RAVEN\DEBUG\GOAL_EXPLORE.ASM
C:\USERS\LUCAS\DESKTOP\JOGOS - GAME AI BY EXAMPLE\RAVEN_GAME\BUCKLAND_CHAPTER7 TO 10_RAVEN\DEBUG\GOAL_EXPLORE.OBJ
C:\USERS\LUCAS\DESKTOP\JOGOS - GAME AI BY EXAMPLE\RAVEN_GAME\BUCKLAND_CHAPTER7 TO 10_RAVEN\DEBUG\GOAL_EXPLORE.SBR
C:\USERS\LUCAS\DESKTOP\JOGOS - GAME AI BY EXAMPLE\RAVEN_GAME\BUCKLAND_CHAPTER7 TO 10_RAVEN\DEBUG\GOAL_FOLLOWPATH.ASM
C:\USERS\LUCAS\DESKTOP\JOGOS - GAME AI BY EXAMPLE\RAVEN_GAME\BUCKLAND_CHAPTER7 TO 10_RAVEN\DEBUG\GOAL_FOLLOWPATH.OBJ
C:\USERS\LUCAS\DESKTOP\JOGOS - GAME AI BY EXAMPLE\RAVEN_GAME\BUCKLAND_CHAPTER7 TO 10_RAVEN\DEBUG\GOAL_FOLLOWPATH.SBR
C:\USERS\LUCAS\DESKTOP\JOGOS - GAME AI BY EXAMPLE\RAVEN_GAME\BUCKLAND_CHAPTER7 TO 10_RAVEN\DEBUG\GOAL_GETITEM.ASM
C:\USERS\LUCAS\DESKTOP\JOGOS - GAME AI BY EXAMPLE\RAVEN_GAME\BUCKLAND_CHAPTER7 TO 10_RAVEN\DEBUG\GOAL_GETITEM.OBJ
C:\USERS\LUCAS\DESKTOP\JOGOS - GAME AI BY EXAMPLE\RAVEN_GAME\BUCKLAND_CHAPTER7 TO 10_RAVEN\DEBUG\GOAL_GETITEM.SBR
C:\USERS\LUCAS\DESKTOP\JOGOS - GAME AI BY EXAMPLE\RAVEN_GAME\BUCKLAND_CHAPTER7 TO 10_RAVEN\DEBUG\GOAL_HUNTTARGET.ASM
C:\USERS\LUCAS\DESKTOP\JOGOS - GAME AI BY EXAMPLE\RAVEN_GAME\BUCKLAND_CHAPTER7 TO 10_RAVEN\DEBUG\GOAL_HUNTTARGET.OBJ
C:\USERS\LUCAS\DESKTOP\JOGOS - GAME AI BY EXAMPLE\RAVEN_GAME\BUCKLAND_CHAPTER7 TO 10_RAVEN\DEBUG\GOAL_HUNTTARGET.SBR
C:\USERS\LUCAS\DESKTOP\JOGOS - GAME AI BY EXAMPLE\RAVEN_GAME\BUCKLAND_CHAPTER7 TO 10_RAVEN\DEBUG\GOAL_MOVETOPOSITION.ASM
C:\USERS\LUCAS\DESKTOP\JOGOS - GAME AI BY EXAMPLE\RAVEN_GAME\BUCKLAND_CHAPTER7 TO 10_RAVEN\DEBUG\GOAL_MOVETOPOSITION.OBJ
C:\USERS\LUCAS\DESKTOP\JOGOS - GAME AI BY EXAMPLE\RAVEN_GAME\BUCKLAND_CHAPTER7 TO 10_RAVEN\DEBUG\GOAL_MOVETOPOSITION.SBR
C:\USERS\LUCAS\DESKTOP\JOGOS - GAME AI BY EXAMPLE\RAVEN_GAME\BUCKLAND_CHAPTER7 TO 10_RAVEN\DEBUG\GOAL_NEGOTIATEDOOR.ASM
C:\USERS\LUCAS\DESKTOP\JOGOS - GAME AI BY EXAMPLE\RAVEN_GAME\BUCKLAND_CHAPTER7 TO 10_RAVEN\DEBUG\GOAL_NEGOTIATEDOOR.OBJ
C:\USERS\LUCAS\DESKTOP\JOGOS - GAME AI BY EXAMPLE\RAVEN_GAME\BUCKLAND_CHAPTER7 TO 10_RAVEN\DEBUG\GOAL_NEGOTIATEDOOR.SBR
C:\USERS\LUCAS\DESKTOP\JOGOS - GAME AI BY EXAMPLE\RAVEN_GAME\BUCKLAND_CHAPTER7 TO 10_RAVEN\DEBUG\GOAL_SAYPHRASE.ASM
C:\USERS\LUCAS\DESKTOP\JOGOS - GAME AI BY EXAMPLE\RAVEN_GAME\BUCKLAND_CHAPTER7 TO 10_RAVEN\DEBUG\GOAL_SAYPHRASE.OBJ
C:\USERS\LUCAS\DESKTOP\JOGOS - GAME AI BY EXAMPLE\RAVEN_GAME\BUCKLAND_CHAPTER7 TO 10_RAVEN\DEBUG\GOAL_SAYPHRASE.SBR
C:\USERS\LUCAS\DESKTOP\JOGOS - GAME AI BY EXAMPLE\RAVEN_GAME\BUCKLAND_CHAPTER7 TO 10_RAVEN\DEBUG\GOAL_SEEKTOPOSITION.ASM
C:\USERS\LUCAS\DESKTOP\JOGOS - GAME AI BY EXAMPLE\RAVEN_GAME\BUCKLAND_CHAPTER7 TO 10_RAVEN\DEBUG\GOAL_SEEKTOPOSITION.OBJ
C:\USERS\LUCAS\DESKTOP\JOGOS - GAME AI BY EXAMPLE\RAVEN_GAME\BUCKLAND_CHAPTER7 TO 10_RAVEN\DEBUG\GOAL_SEEKTOPOSITION.SBR
C:\USERS\LUCAS\DESKTOP\JOGOS - GAME AI BY EXAMPLE\RAVEN_GAME\BUCKLAND_CHAPTER7 TO 10_RAVEN\DEBUG\GOAL_THINK.ASM
C:\USERS\LUCAS\DESKTOP\JOGOS - GAME AI BY EXAMPLE\RAVEN_GAME\BUCKLAND_CHAPTER7 TO 10_RAVEN\DEBUG\GOAL_THINK.OBJ
C:\USERS\LUCAS\DESKTOP\JOGOS - GAME AI BY EXAMPLE\RAVEN_GAME\BUCKLAND_CHAPTER7 TO 10_RAVEN\DEBUG\GOAL_THINK.SBR
C:\USERS\LUCAS\DESKTOP\JOGOS - GAME AI BY EXAMPLE\RAVEN_GAME\BUCKLAND_CHAPTER7 TO 10_RAVEN\DEBUG\GOAL_THINK_PLUS.ASM
C:\USERS\LUCAS\DESKTOP\JOGOS - GAME AI BY EXAMPLE\RAVEN_GAME\BUCKLAND_CHAPTER7 TO 10_RAVEN\DEBUG\GOAL_THINK_PLUS.OBJ
C:\USERS\LUCAS\DESKTOP\JOGOS - GAME AI BY EXAMPLE\RAVEN_GAME\BUCKLAND_CHAPTER7 TO 10_RAVEN\DEBUG\GOAL_THINK_PLUS.SBR
C:\USERS\LUCAS\DESKTOP\JOGOS - GAME AI BY EXAMPLE\RAVEN_GAME\BUCKLAND_CHAPTER7 TO 10_RAVEN\DEBUG\GOAL_TRAVERSEEDGE.ASM
C:\USERS\LUCAS\DESKTOP\JOGOS - GAME AI BY EXAMPLE\RAVEN_GAME\BUCKLAND_CHAPTER7 TO 10_RAVEN\DEBUG\GOAL_TRAVERSEEDGE.OBJ
C:\USERS\LUCAS\DESKTOP\JOGOS - GAME AI BY EXAMPLE\RAVEN_GAME\BUCKLAND_CHAPTER7 TO 10_RAVEN\DEBUG\GOAL_TRAVERSEEDGE.SBR
C:\USERS\LUCAS\DESKTOP\JOGOS - GAME AI BY EXAMPLE\RAVEN_GAME\BUCKLAND_CHAPTER7 TO 10_RAVEN\DEBUG\GOAL_WANDER.ASM
C:\USERS\LUCAS\DESKTOP\JOGOS - GAME AI BY EXAMPLE\RAVEN_GAME\BUCKLAND_CHAPTER7 TO 10_RAVEN\DEBUG\GOAL_WANDER.OBJ
C:\USERS\LUCAS\DESKTOP\JOGOS - GAME AI BY EXAMPLE\RAVEN_GAME\BUCKLAND_CHAPTER7 TO 10_RAVEN\DEBUG\GOAL_WANDER.SBR
C:\USERS\LUCAS\DESKTOP\JOGOS - GAME AI BY EXAMPLE\RAVEN_GAME\BUCKLAND_CHAPTER7 TO 10_RAVEN\DEBUG\GRAVEMARKERS.ASM
C:\USERS\LUCAS\DESKTOP\JOGOS - GAME AI BY EXAMPLE\RAVEN_GAME\BUCKLAND_CHAPTER7 TO 10_RAVEN\DEBUG\GRAVEMARKERS.OBJ
C:\USERS\LUCAS\DESKTOP\JOGOS - GAME AI BY EXAMPLE\RAVEN_GAME\BUCKLAND_CHAPTER7 TO 10_RAVEN\DEBUG\GRAVEMARKERS.SBR
C:\Users\Lucas\Desktop\jogos - game ai by example\Raven_Game\Buckland_Chapter7 to 10_Raven\Debug\link.10132.read.1.tlog
C:\Users\Lucas\Desktop\jogos - game ai by example\Raven_Game\Buckland_Chapter7 to 10_Raven\Debug\link.10132.write.1.tlog
C:\Users\Lucas\Desktop\jogos - game ai by example\Raven_Game\Buckland_Chapter7 to 10_Raven\Debug\link.10132-cvtres.read.1.tlog
C:\Users\Lucas\Desktop\jogos - game ai by example\Raven_Game\Buckland_Chapter7 to 10_Raven\Debug\link.10132-cvtres.write.1.tlog
C:\Users\Lucas\Desktop\jogos - game ai by example\Raven_Game\Buckland_Chapter7 to 10_Raven\Debug\link.11008.read.1.tlog
C:\Users\Lucas\Desktop\jogos - game ai by example\Raven_Game\Buckland_Chapter7 to 10_Raven\Debug\link.11008.write.1.tlog
C:\Users\Lucas\Desktop\jogos - game ai by example\Raven_Game\Buckland_Chapter7 to 10_Raven\Debug\link.11008-cvtres.read.1.tlog
C:\Users\Lucas\Desktop\jogos - game ai by example\Raven_Game\Buckland_Chapter7 to 10_Raven\Debug\link.11008-cvtres.write.1.tlog
C:\Users\Lucas\Desktop\jogos - game ai by example\Raven_Game\Buckland_Chapter7 to 10_Raven\Debug\link.11256.read.1.tlog
C:\Users\Lucas\Desktop\jogos - game ai by example\Raven_Game\Buckland_Chapter7 to 10_Raven\Debug\link.11256.write.1.tlog
C:\Users\Lucas\Desktop\jogos - game ai by example\Raven_Game\Buckland_Chapter7 to 10_Raven\Debug\link.11256-cvtres.read.1.tlog
C:\Users\Lucas\Desktop\jogos - game ai by example\Raven_Game\Buckland_Chapter7 to 10_Raven\Debug\link.11256-cvtres.write.1.tlog
C:\Users\Lucas\Desktop\jogos - game ai by example\Raven_Game\Buckland_Chapter7 to 10_Raven\Debug\link.11696.read.1.tlog
C:\Users\Lucas\Desktop\jogos - game ai by example\Raven_Game\Buckland_Chapter7 to 10_Raven\Debug\link.11696.write.1.tlog
C:\Users\Lucas\Desktop\jogos - game ai by example\Raven_Game\Buckland_Chapter7 to 10_Raven\Debug\link.11696-cvtres.read.1.tlog
C:\Users\Lucas\Desktop\jogos - game ai by example\Raven_Game\Buckland_Chapter7 to 10_Raven\Debug\link.11696-cvtres.write.1.tlog
C:\Users\Lucas\Desktop\jogos - game ai by example\Raven_Game\Buckland_Chapter7 to 10_Raven\Debug\link.11992.read.1.tlog
C:\Users\Lucas\Desktop\jogos - game ai by example\Raven_Game\Buckland_Chapter7 to 10_Raven\Debug\link.11992.write.1.tlog
C:\Users\Lucas\Desktop\jogos - game ai by example\Raven_Game\Buckland_Chapter7 to 10_Raven\Debug\link.11992-cvtres.read.1.tlog
C:\Users\Lucas\Desktop\jogos - game ai by example\Raven_Game\Buckland_Chapter7 to 10_Raven\Debug\link.11992-cvtres.write.1.tlog
C:\Users\Lucas\Desktop\jogos - game ai by example\Raven_Game\Buckland_Chapter7 to 10_Raven\Debug\link.12028.read.1.tlog
C:\Users\Lucas\Desktop\jogos - game ai by example\Raven_Game\Buckland_Chapter7 to 10_Raven\Debug\link.12028.write.1.tlog
C:\Users\Lucas\Desktop\jogos - game ai by example\Raven_Game\Buckland_Chapter7 to 10_Raven\Debug\link.12028-cvtres.read.1.tlog
C:\Users\Lucas\Desktop\jogos - game ai by example\Raven_Game\Buckland_Chapter7 to 10_Raven\Debug\link.12028-cvtres.write.1.tlog
C:\Users\Lucas\Desktop\jogos - game ai by example\Raven_Game\Buckland_Chapter7 to 10_Raven\Debug\link.12036.read.1.tlog
C:\Users\Lucas\Desktop\jogos - game ai by example\Raven_Game\Buckland_Chapter7 to 10_Raven\Debug\link.12036.write.1.tlog
C:\Users\Lucas\Desktop\jogos - game ai by example\Raven_Game\Buckland_Chapter7 to 10_Raven\Debug\link.12036-cvtres.read.1.tlog
C:\Users\Lucas\Desktop\jogos - game ai by example\Raven_Game\Buckland_Chapter7 to 10_Raven\Debug\link.12036-cvtres.write.1.tlog
C:\Users\Lucas\Desktop\jogos - game ai by example\Raven_Game\Buckland_Chapter7 to 10_Raven\Debug\link.12308.read.1.tlog
C:\Users\Lucas\Desktop\jogos - game ai by example\Raven_Game\Buckland_Chapter7 to 10_Raven\Debug\link.12308.write.1.tlog
C:\Users\Lucas\Desktop\jogos - game ai by example\Raven_Game\Buckland_Chapter7 to 10_Raven\Debug\link.12308-cvtres.read.1.tlog
C:\Users\Lucas\Desktop\jogos - game ai by example\Raven_Game\Buckland_Chapter7 to 10_Raven\Debug\link.12308-cvtres.write.1.tlog
C:\Users\Lucas\Desktop\jogos - game ai by example\Raven_Game\Buckland_Chapter7 to 10_Raven\Debug\link.12360.read.1.tlog
C:\Users\Lucas\Desktop\jogos - game ai by example\Raven_Game\Buckland_Chapter7 to 10_Raven\Debug\link.12360.write.1.tlog
C:\Users\Lucas\Desktop\jogos - game ai by example\Raven_Game\Buckland_Chapter7 to 10_Raven\Debug\link.12360-cvtres.read.1.tlog
C:\Users\Lucas\Desktop\jogos - game ai by example\Raven_Game\Buckland_Chapter7 to 10_Raven\Debug\link.12360-cvtres.write.1.tlog
C:\Users\Lucas\Desktop\jogos - game ai by example\Raven_Game\Buckland_Chapter7 to 10_Raven\Debug\link.12588.read.1.tlog
C:\Users\Lucas\Desktop\jogos - game ai by example\Raven_Game\Buckland_Chapter7 to 10_Raven\Debug\link.12588.write.1.tlog
C:\Users\Lucas\Desktop\jogos - game ai by example\Raven_Game\Buckland_Chapter7 to 10_Raven\Debug\link.12588-cvtres.read.1.tlog
C:\Users\Lucas\Desktop\jogos - game ai by example\Raven_Game\Buckland_Chapter7 to 10_Raven\Debug\link.12588-cvtres.write.1.tlog
C:\Users\Lucas\Desktop\jogos - game ai by example\Raven_Game\Buckland_Chapter7 to 10_Raven\Debug\link.13592.read.1.tlog
C:\Users\Lucas\Desktop\jogos - game ai by example\Raven_Game\Buckland_Chapter7 to 10_Raven\Debug\link.13592.write.1.tlog
C:\Users\Lucas\Desktop\jogos - game ai by example\Raven_Game\Buckland_Chapter7 to 10_Raven\Debug\link.13592-cvtres.read.1.tlog
C:\Users\Lucas\Desktop\jogos - game ai by example\Raven_Game\Buckland_Chapter7 to 10_Raven\Debug\link.13592-cvtres.write.1.tlog
C:\Users\Lucas\Desktop\jogos - game ai by example\Raven_Game\Buckland_Chapter7 to 10_Raven\Debug\link.13956.read.1.tlog
C:\Users\Lucas\Desktop\jogos - game ai by example\Raven_Game\Buckland_Chapter7 to 10_Raven\Debug\link.13956.write.1.tlog
C:\Users\Lucas\Desktop\jogos - game ai by example\Raven_Game\Buckland_Chapter7 to 10_Raven\Debug\link.13956-cvtres.read.1.tlog
C:\Users\Lucas\Desktop\jogos - game ai by example\Raven_Game\Buckland_Chapter7 to 10_Raven\Debug\link.13956-cvtres.write.1.tlog
C:\Users\Lucas\Desktop\jogos - game ai by example\Raven_Game\Buckland_Chapter7 to 10_Raven\Debug\link.14440.read.1.tlog
C:\Users\Lucas\Desktop\jogos - game ai by example\Raven_Game\Buckland_Chapter7 to 10_Raven\Debug\link.14440.write.1.tlog
C:\Users\Lucas\Desktop\jogos - game ai by example\Raven_Game\Buckland_Chapter7 to 10_Raven\Debug\link.14440-cvtres.read.1.tlog
C:\Users\Lucas\Desktop\jogos - game ai by example\Raven_Game\Buckland_Chapter7 to 10_Raven\Debug\link.14440-cvtres.write.1.tlog
C:\Users\Lucas\Desktop\jogos - game ai by example\Raven_Game\Buckland_Chapter7 to 10_Raven\Debug\link.4856.read.1.tlog
C:\Users\Lucas\Desktop\jogos - game ai by example\Raven_Game\Buckland_Chapter7 to 10_Raven\Debug\link.4856.write.1.tlog
C:\Users\Lucas\Desktop\jogos - game ai by example\Raven_Game\Buckland_Chapter7 to 10_Raven\Debug\link.4856-cvtres.read.1.tlog
C:\Users\Lucas\Desktop\jogos - game ai by example\Raven_Game\Buckland_Chapter7 to 10_Raven\Debug\link.4856-cvtres.write.1.tlog
C:\Users\Lucas\Desktop\jogos - game ai by example\Raven_Game\Buckland_Chapter7 to 10_Raven\Debug\link.5848.read.1.tlog
C:\Users\Lucas\Desktop\jogos - game ai by example\Raven_Game\Buckland_Chapter7 to 10_Raven\Debug\link.5848.write.1.tlog
C:\Users\Lucas\Desktop\jogos - game ai by example\Raven_Game\Buckland_Chapter7 to 10_Raven\Debug\link.5848-cvtres.read.1.tlog
C:\Users\Lucas\Desktop\jogos - game ai by example\Raven_Game\Buckland_Chapter7 to 10_Raven\Debug\link.5848-cvtres.write.1.tlog
C:\Users\Lucas\Desktop\jogos - game ai by example\Raven_Game\Buckland_Chapter7 to 10_Raven\Debug\link.7280.read.1.tlog
C:\Users\Lucas\Desktop\jogos - game ai by example\Raven_Game\Buckland_Chapter7 to 10_Raven\Debug\link.7280.write.1.tlog
C:\Users\Lucas\Desktop\jogos - game ai by example\Raven_Game\Buckland_Chapter7 to 10_Raven\Debug\link.7280-cvtres.read.1.tlog
C:\Users\Lucas\Desktop\jogos - game ai by example\Raven_Game\Buckland_Chapter7 to 10_Raven\Debug\link.7280-cvtres.write.1.tlog
C:\Users\Lucas\Desktop\jogos - game ai by example\Raven_Game\Buckland_Chapter7 to 10_Raven\Debug\link.8032.read.1.tlog
C:\Users\Lucas\Desktop\jogos - game ai by example\Raven_Game\Buckland_Chapter7 to 10_Raven\Debug\link.8032.write.1.tlog
C:\Users\Lucas\Desktop\jogos - game ai by example\Raven_Game\Buckland_Chapter7 to 10_Raven\Debug\link.8032-cvtres.read.1.tlog
C:\Users\Lucas\Desktop\jogos - game ai by example\Raven_Game\Buckland_Chapter7 to 10_Raven\Debug\link.8032-cvtres.write.1.tlog
C:\Users\Lucas\Desktop\jogos - game ai by example\Raven_Game\Buckland_Chapter7 to 10_Raven\Debug\link.9256.read.1.tlog
C:\Users\Lucas\Desktop\jogos - game ai by example\Raven_Game\Buckland_Chapter7 to 10_Raven\Debug\link.9256.write.1.tlog
C:\Users\Lucas\Desktop\jogos - game ai by example\Raven_Game\Buckland_Chapter7 to 10_Raven\Debug\link.9256-cvtres.read.1.tlog
C:\Users\Lucas\Desktop\jogos - game ai by example\Raven_Game\Buckland_Chapter7 to 10_Raven\Debug\link.9256-cvtres.write.1.tlog
C:\Users\Lucas\Desktop\jogos - game ai by example\Raven_Game\Buckland_Chapter7 to 10_Raven\Debug\link.9720.read.1.tlog
C:\Users\Lucas\Desktop\jogos - game ai by example\Raven_Game\Buckland_Chapter7 to 10_Raven\Debug\link.9720.write.1.tlog
C:\Users\Lucas\Desktop\jogos - game ai by example\Raven_Game\Buckland_Chapter7 to 10_Raven\Debug\link.9720-cvtres.read.1.tlog
C:\Users\Lucas\Desktop\jogos - game ai by example\Raven_Game\Buckland_Chapter7 to 10_Raven\Debug\link.9720-cvtres.write.1.tlog
C:\Users\Lucas\Desktop\jogos - game ai by example\Raven_Game\Buckland_Chapter7 to 10_Raven\Debug\link.command.1.tlog
C:\Users\Lucas\Desktop\jogos - game ai by example\Raven_Game\Buckland_Chapter7 to 10_Raven\Debug\link.read.1.tlog
C:\Users\Lucas\Desktop\jogos - game ai by example\Raven_Game\Buckland_Chapter7 to 10_Raven\Debug\link.write.1.tlog
C:\Users\Lucas\Desktop\jogos - game ai by example\Raven_Game\Buckland_Chapter7 to 10_Raven\Debug\link-cvtres.read.1.tlog
C:\Users\Lucas\Desktop\jogos - game ai by example\Raven_Game\Buckland_Chapter7 to 10_Raven\Debug\link-cvtres.write.1.tlog
C:\USERS\LUCAS\DESKTOP\JOGOS - GAME AI BY EXAMPLE\RAVEN_GAME\BUCKLAND_CHAPTER7 TO 10_RAVEN\DEBUG\MAIN.ASM
C:\USERS\LUCAS\DESKTOP\JOGOS - GAME AI BY EXAMPLE\RAVEN_GAME\BUCKLAND_CHAPTER7 TO 10_RAVEN\DEBUG\MAIN.OBJ
C:\USERS\LUCAS\DESKTOP\JOGOS - GAME AI BY EXAMPLE\RAVEN_GAME\BUCKLAND_CHAPTER7 TO 10_RAVEN\DEBUG\MAIN.SBR
C:\USERS\LUCAS\DESKTOP\JOGOS - GAME AI BY EXAMPLE\RAVEN_GAME\BUCKLAND_CHAPTER7 TO 10_RAVEN\DEBUG\MESSAGEDISPATCHER.ASM
C:\USERS\LUCAS\DESKTOP\JOGOS - GAME AI BY EXAMPLE\RAVEN_GAME\BUCKLAND_CHAPTER7 TO 10_RAVEN\DEBUG\MESSAGEDISPATCHER.OBJ
C:\USERS\LUCAS\DESKTOP\JOGOS - GAME AI BY EXAMPLE\RAVEN_GAME\BUCKLAND_CHAPTER7 TO 10_RAVEN\DEBUG\MESSAGEDISPATCHER.SBR
C:\Users\Lucas\Desktop\jogos - game ai by example\Raven_Game\Buckland_Chapter7 to 10_Raven\Debug\mt.command.1.tlog
C:\Users\Lucas\Desktop\jogos - game ai by example\Raven_Game\Buckland_Chapter7 to 10_Raven\Debug\mt.read.1.tlog
C:\Users\Lucas\Desktop\jogos - game ai by example\Raven_Game\Buckland_Chapter7 to 10_Raven\Debug\mt.write.1.tlog
C:\USERS\LUCAS\DESKTOP\JOGOS - GAME AI BY EXAMPLE\RAVEN_GAME\BUCKLAND_CHAPTER7 TO 10_RAVEN\DEBUG\PRECISIONTIMER.ASM
C:\USERS\LUCAS\DESKTOP\JOGOS - GAME AI BY EXAMPLE\RAVEN_GAME\BUCKLAND_CHAPTER7 TO 10_RAVEN\DEBUG\PRECISIONTIMER.OBJ
C:\USERS\LUCAS\DESKTOP\JOGOS - GAME AI BY EXAMPLE\RAVEN_GAME\BUCKLAND_CHAPTER7 TO 10_RAVEN\DEBUG\PRECISIONTIMER.SBR
C:\USERS\LUCAS\DESKTOP\JOGOS - GAME AI BY EXAMPLE\RAVEN_GAME\BUCKLAND_CHAPTER7 TO 10_RAVEN\DEBUG\PROJECTILE_BOLT.ASM
C:\USERS\LUCAS\DESKTOP\JOGOS - GAME AI BY EXAMPLE\RAVEN_GAME\BUCKLAND_CHAPTER7 TO 10_RAVEN\DEBUG\PROJECTILE_BOLT.OBJ
C:\USERS\LUCAS\DESKTOP\JOGOS - GAME AI BY EXAMPLE\RAVEN_GAME\BUCKLAND_CHAPTER7 TO 10_RAVEN\DEBUG\PROJECTILE_BOLT.SBR
C:\USERS\LUCAS\DESKTOP\JOGOS - GAME AI BY EXAMPLE\RAVEN_GAME\BUCKLAND_CHAPTER7 TO 10_RAVEN\DEBUG\PROJECTILE_PELLET.ASM
C:\USERS\LUCAS\DESKTOP\JOGOS - GAME AI BY EXAMPLE\RAVEN_GAME\BUCKLAND_CHAPTER7 TO 10_RAVEN\DEBUG\PROJECTILE_PELLET.OBJ
C:\USERS\LUCAS\DESKTOP\JOGOS - GAME AI BY EXAMPLE\RAVEN_GAME\BUCKLAND_CHAPTER7 TO 10_RAVEN\DEBUG\PROJECTILE_PELLET.SBR
C:\USERS\LUCAS\DESKTOP\JOGOS - GAME AI BY EXAMPLE\RAVEN_GAME\BUCKLAND_CHAPTER7 TO 10_RAVEN\DEBUG\PROJECTILE_ROCKET.ASM
C:\USERS\LUCAS\DESKTOP\JOGOS - GAME AI BY EXAMPLE\RAVEN_GAME\BUCKLAND_CHAPTER7 TO 10_RAVEN\DEBUG\PROJECTILE_ROCKET.OBJ
C:\USERS\LUCAS\DESKTOP\JOGOS - GAME AI BY EXAMPLE\RAVEN_GAME\BUCKLAND_CHAPTER7 TO 10_RAVEN\DEBUG\PROJECTILE_ROCKET.SBR
C:\USERS\LUCAS\DESKTOP\JOGOS - GAME AI BY EXAMPLE\RAVEN_GAME\BUCKLAND_CHAPTER7 TO 10_RAVEN\DEBUG\PROJECTILE_SLUG.ASM
C:\USERS\LUCAS\DESKTOP\JOGOS - GAME AI BY EXAMPLE\RAVEN_GAME\BUCKLAND_CHAPTER7 TO 10_RAVEN\DEBUG\PROJECTILE_SLUG.OBJ
C:\USERS\LUCAS\DESKTOP\JOGOS - GAME AI BY EXAMPLE\RAVEN_GAME\BUCKLAND_CHAPTER7 TO 10_RAVEN\DEBUG\PROJECTILE_SLUG.SBR
C:\USERS\LUCAS\DESKTOP\JOGOS - GAME AI BY EXAMPLE\RAVEN_GAME\BUCKLAND_CHAPTER7 TO 10_RAVEN\DEBUG\RAVEN.BSC
C:\USERS\LUCAS\DESKTOP\JOGOS - GAME AI BY EXAMPLE\RAVEN_GAME\BUCKLAND_CHAPTER7 TO 10_RAVEN\DEBUG\RAVEN.EXE
C:\Users\Lucas\Desktop\jogos - game ai by example\Raven_Game\Buckland_Chapter7 to 10_Raven\Debug\Raven.exe.embed.manifest
C:\USERS\LUCAS\DESKTOP\JOGOS - GAME AI BY EXAMPLE\RAVEN_GAME\BUCKLAND_CHAPTER7 TO 10_RAVEN\DEBUG\RAVEN.EXE.EMBED.MANIFEST.RES
C:\USERS\LUCAS\DESKTOP\JOGOS - GAME AI BY EXAMPLE\RAVEN_GAME\BUCKLAND_CHAPTER7 TO 10_RAVEN\DEBUG\RAVEN.EXE.INTERMEDIATE.MANIFEST
C:\USERS\LUCAS\DESKTOP\JOGOS - GAME AI BY EXAMPLE\RAVEN_GAME\BUCKLAND_CHAPTER7 TO 10_RAVEN\DEBUG\RAVEN.ILK
C:\USERS\LUCAS\DESKTOP\JOGOS - GAME AI BY EXAMPLE\RAVEN_GAME\BUCKLAND_CHAPTER7 TO 10_RAVEN\DEBUG\RAVEN.PDB
C:\Users\Lucas\Desktop\jogos - game ai by example\Raven_Game\Buckland_Chapter7 to 10_Raven\Debug\Raven.vcxprojResolveAssemblyReference.cache
C:\Users\Lucas\Desktop\jogos - game ai by example\Raven_Game\Buckland_Chapter7 to 10_Raven\Debug\Raven.write.1.tlog
C:\USERS\LUCAS\DESKTOP\JOGOS - GAME AI BY EXAMPLE\RAVEN_GAME\BUCKLAND_CHAPTER7 TO 10_RAVEN\DEBUG\RAVEN_BOT.ASM
C:\USERS\LUCAS\DESKTOP\JOGOS - GAME AI BY EXAMPLE\RAVEN_GAME\BUCKLAND_CHAPTER7 TO 10_RAVEN\DEBUG\RAVEN_BOT.OBJ
C:\USERS\LUCAS\DESKTOP\JOGOS - GAME AI BY EXAMPLE\RAVEN_GAME\BUCKLAND_CHAPTER7 TO 10_RAVEN\DEBUG\RAVEN_BOT.SBR
C:\Users\Lucas\Desktop\jogos - game ai by example\Raven_Game\Buckland_Chapter7 to 10_Raven\Debug\Raven_Bot_Common.obj
C:\Users\Lucas\Desktop\jogos - game ai by example\Raven_Game\Buckland_Chapter7 to 10_Raven\Debug\Raven_Bot_Common.sbr
C:\USERS\LUCAS\DESKTOP\JOGOS - GAME AI BY EXAMPLE\RAVEN_GAME\BUCKLAND_CHAPTER7 TO 10_RAVEN\DEBUG\RAVEN_BOT_PLUS.ASM
C:\USERS\LUCAS\DESKTOP\JOGOS - GAME AI BY EXAMPLE\RAVEN_GAME\BUCKLAND_CHAPTER7 TO 10_RAVEN\DEBUG\RAVEN_BOT_PLUS.OBJ
C:\USERS\LUCAS\DESKTOP\JOGOS - GAME AI BY EXAMPLE\RAVEN_GAME\BUCKLAND_CHAPTER7 TO 10_RAVEN\DEBUG\RAVEN_BOT_PLUS.SBR
C:\USERS\LUCAS\DESKTOP\JOGOS - GAME AI BY EXAMPLE\RAVEN_GAME\BUCKLAND_CHAPTER7 TO 10_RAVEN\DEBUG\RAVEN_DOOR.ASM
C:\USERS\LUCAS\DESKTOP\JOGOS - GAME AI BY EXAMPLE\RAVEN_GAME\BUCKLAND_CHAPTER7 TO 10_RAVEN\DEBUG\RAVEN_DOOR.OBJ
C:\USERS\LUCAS\DESKTOP\JOGOS - GAME AI BY EXAMPLE\RAVEN_GAME\BUCKLAND_CHAPTER7 TO 10_RAVEN\DEBUG\RAVEN_DOOR.SBR
C:\USERS\LUCAS\DESKTOP\JOGOS - GAME AI BY EXAMPLE\RAVEN_GAME\BUCKLAND_CHAPTER7 TO 10_RAVEN\DEBUG\RAVEN_FEATURE.ASM
C:\USERS\LUCAS\DESKTOP\JOGOS - GAME AI BY EXAMPLE\RAVEN_GAME\BUCKLAND_CHAPTER7 TO 10_RAVEN\DEBUG\RAVEN_FEATURE.OBJ
C:\USERS\LUCAS\DESKTOP\JOGOS - GAME AI BY EXAMPLE\RAVEN_GAME\BUCKLAND_CHAPTER7 TO 10_RAVEN\DEBUG\RAVEN_FEATURE.SBR
C:\USERS\LUCAS\DESKTOP\JOGOS - GAME AI BY EXAMPLE\RAVEN_GAME\BUCKLAND_CHAPTER7 TO 10_RAVEN\DEBUG\RAVEN_GAME.ASM
C:\USERS\LUCAS\DESKTOP\JOGOS - GAME AI BY EXAMPLE\RAVEN_GAME\BUCKLAND_CHAPTER7 TO 10_RAVEN\DEBUG\RAVEN_GAME.OBJ
C:\USERS\LUCAS\DESKTOP\JOGOS - GAME AI BY EXAMPLE\RAVEN_GAME\BUCKLAND_CHAPTER7 TO 10_RAVEN\DEBUG\RAVEN_GAME.SBR
C:\USERS\LUCAS\DESKTOP\JOGOS - GAME AI BY EXAMPLE\RAVEN_GAME\BUCKLAND_CHAPTER7 TO 10_RAVEN\DEBUG\RAVEN_GOAL_TYPES.ASM
C:\USERS\LUCAS\DESKTOP\JOGOS - GAME AI BY EXAMPLE\RAVEN_GAME\BUCKLAND_CHAPTER7 TO 10_RAVEN\DEBUG\RAVEN_GOAL_TYPES.OBJ
C:\USERS\LUCAS\DESKTOP\JOGOS - GAME AI BY EXAMPLE\RAVEN_GAME\BUCKLAND_CHAPTER7 TO 10_RAVEN\DEBUG\RAVEN_GOAL_TYPES.SBR
C:\Users\Lucas\Desktop\jogos - game ai by example\Raven_Game\Buckland_Chapter7 to 10_Raven\Debug\Raven_manifest.rc
C:\USERS\LUCAS\DESKTOP\JOGOS - GAME AI BY EXAMPLE\RAVEN_GAME\BUCKLAND_CHAPTER7 TO 10_RAVEN\DEBUG\RAVEN_MAP.ASM
C:\USERS\LUCAS\DESKTOP\JOGOS - GAME AI BY EXAMPLE\RAVEN_GAME\BUCKLAND_CHAPTER7 TO 10_RAVEN\DEBUG\RAVEN_MAP.OBJ
C:\USERS\LUCAS\DESKTOP\JOGOS - GAME AI BY EXAMPLE\RAVEN_GAME\BUCKLAND_CHAPTER7 TO 10_RAVEN\DEBUG\RAVEN_MAP.SBR
C:\USERS\LUCAS\DESKTOP\JOGOS - GAME AI BY EXAMPLE\RAVEN_GAME\BUCKLAND_CHAPTER7 TO 10_RAVEN\DEBUG\RAVEN_PATHPLANNER.ASM
C:\USERS\LUCAS\DESKTOP\JOGOS - GAME AI BY EXAMPLE\RAVEN_GAME\BUCKLAND_CHAPTER7 TO 10_RAVEN\DEBUG\RAVEN_PATHPLANNER.OBJ
C:\USERS\LUCAS\DESKTOP\JOGOS - GAME AI BY EXAMPLE\RAVEN_GAME\BUCKLAND_CHAPTER7 TO 10_RAVEN\DEBUG\RAVEN_PATHPLANNER.SBR
C:\USERS\LUCAS\DESKTOP\JOGOS - GAME AI BY EXAMPLE\RAVEN_GAME\BUCKLAND_CHAPTER7 TO 10_RAVEN\DEBUG\RAVEN_PROJECTILE.ASM
C:\USERS\LUCAS\DESKTOP\JOGOS - GAME AI BY EXAMPLE\RAVEN_GAME\BUCKLAND_CHAPTER7 TO 10_RAVEN\DEBUG\RAVEN_PROJECTILE.OBJ
C:\USERS\LUCAS\DESKTOP\JOGOS - GAME AI BY EXAMPLE\RAVEN_GAME\BUCKLAND_CHAPTER7 TO 10_RAVEN\DEBUG\RAVEN_PROJECTILE.SBR
C:\USERS\LUCAS\DESKTOP\JOGOS - GAME AI BY EXAMPLE\RAVEN_GAME\BUCKLAND_CHAPTER7 TO 10_RAVEN\DEBUG\RAVEN_SCRIPTOR.ASM
C:\USERS\LUCAS\DESKTOP\JOGOS - GAME AI BY EXAMPLE\RAVEN_GAME\BUCKLAND_CHAPTER7 TO 10_RAVEN\DEBUG\RAVEN_SCRIPTOR.OBJ
C:\USERS\LUCAS\DESKTOP\JOGOS - GAME AI BY EXAMPLE\RAVEN_GAME\BUCKLAND_CHAPTER7 TO 10_RAVEN\DEBUG\RAVEN_SCRIPTOR.SBR
C:\USERS\LUCAS\DESKTOP\JOGOS - GAME AI BY EXAMPLE\RAVEN_GAME\BUCKLAND_CHAPTER7 TO 10_RAVEN\DEBUG\RAVEN_SENSORYMEMORY.ASM
C:\USERS\LUCAS\DESKTOP\JOGOS - GAME AI BY EXAMPLE\RAVEN_GAME\BUCKLAND_CHAPTER7 TO 10_RAVEN\DEBUG\RAVEN_SENSORYMEMORY.OBJ
C:\USERS\LUCAS\DESKTOP\JOGOS - GAME AI BY EXAMPLE\RAVEN_GAME\BUCKLAND_CHAPTER7 TO 10_RAVEN\DEBUG\RAVEN_SENSORYMEMORY.SBR
C:\USERS\LUCAS\DESKTOP\JOGOS - GAME AI BY EXAMPLE\RAVEN_GAME\BUCKLAND_CHAPTER7 TO 10_RAVEN\DEBUG\RAVEN_STEERINGBEHAVIORS.ASM
C:\USERS\LUCAS\DESKTOP\JOGOS - GAME AI BY EXAMPLE\RAVEN_GAME\BUCKLAND_CHAPTER7 TO 10_RAVEN\DEBUG\RAVEN_STEERINGBEHAVIORS.OBJ
C:\USERS\LUCAS\DESKTOP\JOGOS - GAME AI BY EXAMPLE\RAVEN_GAME\BUCKLAND_CHAPTER7 TO 10_RAVEN\DEBUG\RAVEN_STEERINGBEHAVIORS.SBR
C:\USERS\LUCAS\DESKTOP\JOGOS - GAME AI BY EXAMPLE\RAVEN_GAME\BUCKLAND_CHAPTER7 TO 10_RAVEN\DEBUG\RAVEN_TARGETINGSYSTEM.ASM
C:\USERS\LUCAS\DESKTOP\JOGOS - GAME AI BY EXAMPLE\RAVEN_GAME\BUCKLAND_CHAPTER7 TO 10_RAVEN\DEBUG\RAVEN_TARGETINGSYSTEM.OBJ
C:\USERS\LUCAS\DESKTOP\JOGOS - GAME AI BY EXAMPLE\RAVEN_GAME\BUCKLAND_CHAPTER7 TO 10_RAVEN\DEBUG\RAVEN_TARGETINGSYSTEM.SBR
C:\USERS\LUCAS\DESKTOP\JOGOS - GAME AI BY EXAMPLE\RAVEN_GAME\BUCKLAND_CHAPTER7 TO 10_RAVEN\DEBUG\RAVEN_USEROPTIONS.ASM
C:\USERS\LUCAS\DESKTOP\JOGOS - GAME AI BY EXAMPLE\RAVEN_GAME\BUCKLAND_CHAPTER7 TO 10_RAVEN\DEBUG\RAVEN_USEROPTIONS.OBJ
C:\USERS\LUCAS\DESKTOP\JOGOS - GAME AI BY EXAMPLE\RAVEN_GAME\BUCKLAND_CHAPTER7 TO 10_RAVEN\DEBUG\RAVEN_USEROPTIONS.SBR
C:\USERS\LUCAS\DESKTOP\JOGOS - GAME AI BY EXAMPLE\RAVEN_GAME\BUCKLAND_CHAPTER7 TO 10_RAVEN\DEBUG\RAVEN_WEAPON.ASM
C:\USERS\LUCAS\DESKTOP\JOGOS - GAME AI BY EXAMPLE\RAVEN_GAME\BUCKLAND_CHAPTER7 TO 10_RAVEN\DEBUG\RAVEN_WEAPON.OBJ
C:\USERS\LUCAS\DESKTOP\JOGOS - GAME AI BY EXAMPLE\RAVEN_GAME\BUCKLAND_CHAPTER7 TO 10_RAVEN\DEBUG\RAVEN_WEAPON.SBR
C:\USERS\LUCAS\DESKTOP\JOGOS - GAME AI BY EXAMPLE\RAVEN_GAME\BUCKLAND_CHAPTER7 TO 10_RAVEN\DEBUG\RAVEN_WEAPONSYSTEM.ASM
C:\USERS\LUCAS\DESKTOP\JOGOS - GAME AI BY EXAMPLE\RAVEN_GAME\BUCKLAND_CHAPTER7 TO 10_RAVEN\DEBUG\RAVEN_WEAPONSYSTEM.OBJ
C:\USERS\LUCAS\DESKTOP\JOGOS - GAME AI BY EXAMPLE\RAVEN_GAME\BUCKLAND_CHAPTER7 TO 10_RAVEN\DEBUG\RAVEN_WEAPONSYSTEM.SBR
C:\Users\Lucas\Desktop\jogos - game ai by example\Raven_Game\Buckland_Chapter7 to 10_Raven\Debug\rc.command.1.tlog
C:\Users\Lucas\Desktop\jogos - game ai by example\Raven_Game\Buckland_Chapter7 to 10_Raven\Debug\rc.read.1.tlog
C:\Users\Lucas\Desktop\jogos - game ai by example\Raven_Game\Buckland_Chapter7 to 10_Raven\Debug\rc.write.1.tlog
C:\USERS\LUCAS\DESKTOP\JOGOS - GAME AI BY EXAMPLE\RAVEN_GAME\BUCKLAND_CHAPTER7 TO 10_RAVEN\DEBUG\SCRIPT1.RES
C:\USERS\LUCAS\DESKTOP\JOGOS - GAME AI BY EXAMPLE\RAVEN_GAME\BUCKLAND_CHAPTER7 TO 10_RAVEN\DEBUG\TRIGGER_HEALTHGIVER.ASM
C:\USERS\LUCAS\DESKTOP\JOGOS - GAME AI BY EXAMPLE\RAVEN_GAME\BUCKLAND_CHAPTER7 TO 10_RAVEN\DEBUG\TRIGGER_HEALTHGIVER.OBJ
C:\USERS\LUCAS\DESKTOP\JOGOS - GAME AI BY EXAMPLE\RAVEN_GAME\BUCKLAND_CHAPTER7 TO 10_RAVEN\DEBUG\TRIGGER_HEALTHGIVER.SBR
C:\USERS\LUCAS\DESKTOP\JOGOS - GAME AI BY EXAMPLE\RAVEN_GAME\BUCKLAND_CHAPTER7 TO 10_RAVEN\DEBUG\TRIGGER_SOUNDNOTIFY.ASM
C:\USERS\LUCAS\DESKTOP\JOGOS - GAME AI BY EXAMPLE\RAVEN_GAME\BUCKLAND_CHAPTER7 TO 10_RAVEN\DEBUG\TRIGGER_SOUNDNOTIFY.OBJ
C:\USERS\LUCAS\DESKTOP\JOGOS - GAME AI BY EXAMPLE\RAVEN_GAME\BUCKLAND_CHAPTER7 TO 10_RAVEN\DEBUG\TRIGGER_SOUNDNOTIFY.SBR
C:\USERS\LUCAS\DESKTOP\JOGOS - GAME AI BY EXAMPLE\RAVEN_GAME\BUCKLAND_CHAPTER7 TO 10_RAVEN\DEBUG\TRIGGER_WEAPONGIVER.ASM
C:\USERS\LUCAS\DESKTOP\JOGOS - GAME AI BY EXAMPLE\RAVEN_GAME\BUCKLAND_CHAPTER7 TO 10_RAVEN\DEBUG\TRIGGER_WEAPONGIVER.OBJ
C:\USERS\LUCAS\DESKTOP\JOGOS - GAME AI BY EXAMPLE\RAVEN_GAME\BUCKLAND_CHAPTER7 TO 10_RAVEN\DEBUG\TRIGGER_WEAPONGIVER.SBR
C:\Users\Lucas\Desktop\jogos - game ai by example\Raven_Game\Buckland_Chapter7 to 10_Raven\Debug\vc100.idb
C:\USERS\LUCAS\DESKTOP\JOGOS - GAME AI BY EXAMPLE\RAVEN_GAME\BUCKLAND_CHAPTER7 TO 10_RAVEN\DEBUG\VC100.PDB
C:\USERS\LUCAS\DESKTOP\JOGOS - GAME AI BY EXAMPLE\RAVEN_GAME\BUCKLAND_CHAPTER7 TO 10_RAVEN\DEBUG\VECTOR2D.ASM
C:\USERS\LUCAS\DESKTOP\JOGOS - GAME AI BY EXAMPLE\RAVEN_GAME\BUCKLAND_CHAPTER7 TO 10_RAVEN\DEBUG\VECTOR2D.OBJ
C:\USERS\LUCAS\DESKTOP\JOGOS - GAME AI BY EXAMPLE\RAVEN_GAME\BUCKLAND_CHAPTER7 TO 10_RAVEN\DEBUG\VECTOR2D.SBR
C:\USERS\LUCAS\DESKTOP\JOGOS - GAME AI BY EXAMPLE\RAVEN_GAME\BUCKLAND_CHAPTER7 TO 10_RAVEN\DEBUG\WEAPON_BLASTER.ASM
C:\USERS\LUCAS\DESKTOP\JOGOS - GAME AI BY EXAMPLE\RAVEN_GAME\BUCKLAND_CHAPTER7 TO 10_RAVEN\DEBUG\WEAPON_BLASTER.OBJ
C:\USERS\LUCAS\DESKTOP\JOGOS - GAME AI BY EXAMPLE\RAVEN_GAME\BUCKLAND_CHAPTER7 TO 10_RAVEN\DEBUG\WEAPON_BLASTER.SBR
C:\USERS\LUCAS\DESKTOP\JOGOS - GAME AI BY EXAMPLE\RAVEN_GAME\BUCKLAND_CHAPTER7 TO 10_RAVEN\DEBUG\WEAPON_RAILGUN.ASM
C:\USERS\LUCAS\DESKTOP\JOGOS - GAME AI BY EXAMPLE\RAVEN_GAME\BUCKLAND_CHAPTER7 TO 10_RAVEN\DEBUG\WEAPON_RAILGUN.OBJ
C:\USERS\LUCAS\DESKTOP\JOGOS - GAME AI BY EXAMPLE\RAVEN_GAME\BUCKLAND_CHAPTER7 TO 10_RAVEN\DEBUG\WEAPON_RAILGUN.SBR
C:\USERS\LUCAS\DESKTOP\JOGOS - GAME AI BY EXAMPLE\RAVEN_GAME\BUCKLAND_CHAPTER7 TO 10_RAVEN\DEBUG\WEAPON_ROCKETLAUNCHER.ASM
C:\USERS\LUCAS\DESKTOP\JOGOS - GAME AI BY EXAMPLE\RAVEN_GAME\BUCKLAND_CHAPTER7 TO 10_RAVEN\DEBUG\WEAPON_ROCKETLAUNCHER.OBJ
C:\USERS\LUCAS\DESKTOP\JOGOS - GAME AI BY EXAMPLE\RAVEN_GAME\BUCKLAND_CHAPTER7 TO 10_RAVEN\DEBUG\WEAPON_ROCKETLAUNCHER.SBR
C:\USERS\LUCAS\DESKTOP\JOGOS - GAME AI BY EXAMPLE\RAVEN_GAME\BUCKLAND_CHAPTER7 TO 10_RAVEN\DEBUG\WEAPON_SHOTGUN.ASM
C:\USERS\LUCAS\DESKTOP\JOGOS - GAME AI BY EXAMPLE\RAVEN_GAME\BUCKLAND_CHAPTER7 TO 10_RAVEN\DEBUG\WEAPON_SHOTGUN.OBJ
C:\USERS\LUCAS\DESKTOP\JOGOS - GAME AI BY EXAMPLE\RAVEN_GAME\BUCKLAND_CHAPTER7 TO 10_RAVEN\DEBUG\WEAPON_SHOTGUN.SBR
C:\USERS\LUCAS\DESKTOP\JOGOS - GAME AI BY EXAMPLE\RAVEN_GAME\BUCKLAND_CHAPTER7 TO 10_RAVEN\DEBUG\WINDOWUTILS.ASM
C:\USERS\LUCAS\DESKTOP\JOGOS - GAME AI BY EXAMPLE\RAVEN_GAME\BUCKLAND_CHAPTER7 TO 10_RAVEN\DEBUG\WINDOWUTILS.OBJ
C:\USERS\LUCAS\DESKTOP\JOGOS - GAME AI BY EXAMPLE\RAVEN_GAME\BUCKLAND_CHAPTER7 TO 10_RAVEN\DEBUG\WINDOWUTILS.SBR
